Building DAG of jobs...
Using shell: /usr/bin/bash
Provided cores: 5
Rules claiming more threads will be scaled down.
Job stats:
job               count
--------------  -------
adapt_trimming        6
all                   1
bcalm                 2
fetch_fastq           6
files_path            1
make_fastqc           2
multi_fastqc          1
reads_count           1
reindeer              1
total                21

Select jobs to execute...
Execute 1 jobs...

[Tue Mar 12 20:58:19 2024]
Job 2: fetch fastq from NCBI
Reason: Missing output files: /home/el_fadwa1997/Results/Fastq_Files/ERR12022224.fastq.gz

[Tue Mar 12 20:58:58 2024]
Finished job 2.
1 of 21 steps (5%) done
Select jobs to execute...
Execute 1 jobs...

[Tue Mar 12 20:58:58 2024]
Job 7: Trimmig FASTQS
Reason: Missing output files: /home/el_fadwa1997/Results/Trimming/ERR12022224_cutadapt.fastq.gz; Input files updated by another job: /home/el_fadwa1997/Results/Fastq_Files/ERR12022224.fastq.gz

[Tue Mar 12 20:59:18 2024]
Finished job 7.
2 of 21 steps (10%) done
Select jobs to execute...
Execute 1 jobs...

[Tue Mar 12 20:59:18 2024]
Job 11:  RUNNING BCALM 
Reason: Missing output files: /home/el_fadwa1997/Results/BCALM/ERR12022224_cutadapt.unitigs.fa; Input files updated by another job: /home/el_fadwa1997/Results/Trimming/ERR12022224_cutadapt.fastq.gz

[Tue Mar 12 20:59:58 2024]
Finished job 11.
3 of 21 steps (14%) done
Select jobs to execute...
Execute 1 jobs...

[Tue Mar 12 20:59:58 2024]
Job 14: fetch fastq from NCBI
Reason: Missing output files: /home/el_fadwa1997/Results/Fastq_Files/ERR12022339/ERR12022339_1.fastq.gz

[Tue Mar 12 21:00:00 2024]
Error in rule fetch_fastq:
    jobid: 14
    output: /home/el_fadwa1997/Results/Fastq_Files/ERR12022339/ERR12022339_1.fastq.gz
    log: /home/el_fadwa1997/Results/Supplementary_Data/Logs/SRATOOLKIT/ERR12022339/ERR12022339_1.sratoolkit.log (check log file(s) for error details)
    shell:
        
                        set +eu &&
                        . $(conda info --base)/etc/profile.d/conda.sh &&
                        conda activate sratoolkit
                        prefetch ERR12022339/ERR12022339_1
                        parallel-fastq-dump                         --outdir /home/el_fadwa1997/Results/Fastq_Files                         --gzip                         --sra-id ERR12022339/ERR12022339_1                         --threads 5
			
        (one of the commands exited with non-zero exit code; note that snakemake uses bash strict mode!)

Shutting down, this might take some time.
Exiting because a job execution failed. Look above for error message
Complete log: .snakemake/log/2024-03-12T205819.124991.snakemake.log
WorkflowError:
At least one job did not complete successfully.
