Building DAG of jobs...
Using shell: /usr/bin/bash
Provided cores: 2
Rules claiming more threads will be scaled down.
Job stats:
job               count
--------------  -------
adapt_trimming        4
all                   1
bcalm                 4
dump_sra              4
files_path            1
multi_fastqc          1
reindeer              1
sra_prefetch          4
total                20

Select jobs to execute...
Execute 1 jobs...

[Wed Feb  7 09:28:51 2024]
localrule sra_prefetch:
    output: Results/Fastq_files/sra_prefetch/SRR7093943.sra
    log: Results/Supplementary_Data/Logs/prefetch/SRR7093943.prefetch.log
    jobid: 8
    benchmark: Results/Supplementary_Data/Benchmark/prefetch/SRR7093943.prefetch.txt
    reason: Missing output files: Results/Fastq_files/sra_prefetch/SRR7093943.sra
    wildcards: sra=SRR7093943
    threads: 2
    resources: tmpdir=/tmp

[Wed Feb  7 09:29:30 2024]
Finished job 8.
1 of 20 steps (5%) done
Select jobs to execute...
Execute 1 jobs...

[Wed Feb  7 09:29:30 2024]
Job 7: fetch fastq from NCBI
Reason: Missing output files: Results/Fastq_Files/SRR7093943.fastq.gz; Input files updated by another job: Results/Fastq_files/sra_prefetch/SRR7093943.sra

[Wed Feb  7 09:42:46 2024]
Finished job 7.
2 of 20 steps (10%) done
Removing temporary output Results/Fastq_files/sra_prefetch/SRR7093943.sra.
Select jobs to execute...
Execute 1 jobs...

[Wed Feb  7 09:42:46 2024]
Job 13: Trimmig FASTQS
Reason: Missing output files: Results/Trimming/SRR7093943_cutadapt.fastq.gz; Input files updated by another job: Results/Fastq_Files/SRR7093943.fastq.gz

[Wed Feb  7 09:47:40 2024]
Finished job 13.
3 of 20 steps (15%) done
Select jobs to execute...
Execute 1 jobs...

[Wed Feb  7 09:47:40 2024]
Job 19:  RUNNING BCALM 
Reason: Missing output files: Results/BCALM/SRR7093943_cutadapt.unitigs.fa; Input files updated by another job: Results/Trimming/SRR7093943_cutadapt.fastq.gz

[Wed Feb  7 09:49:57 2024]
Finished job 19.
4 of 20 steps (20%) done
Select jobs to execute...
Execute 1 jobs...

[Wed Feb  7 09:49:57 2024]
localrule sra_prefetch:
    output: Results/Fastq_files/sra_prefetch/SRR7093950.sra
    log: Results/Supplementary_Data/Logs/prefetch/SRR7093950.prefetch.log
    jobid: 2
    benchmark: Results/Supplementary_Data/Benchmark/prefetch/SRR7093950.prefetch.txt
    reason: Missing output files: Results/Fastq_files/sra_prefetch/SRR7093950.sra
    wildcards: sra=SRR7093950
    threads: 2
    resources: tmpdir=/tmp

[Wed Feb  7 09:50:25 2024]
Finished job 2.
5 of 20 steps (25%) done
Select jobs to execute...
Execute 1 jobs...

[Wed Feb  7 09:50:25 2024]
Job 1: fetch fastq from NCBI
Reason: Missing output files: Results/Fastq_Files/SRR7093950.fastq.gz; Input files updated by another job: Results/Fastq_files/sra_prefetch/SRR7093950.sra

[Wed Feb  7 10:05:08 2024]
Finished job 1.
6 of 20 steps (30%) done
Removing temporary output Results/Fastq_files/sra_prefetch/SRR7093950.sra.
Select jobs to execute...
Execute 1 jobs...

[Wed Feb  7 10:05:08 2024]
Job 10: Trimmig FASTQS
Reason: Missing output files: Results/Trimming/SRR7093950_cutadapt.fastq.gz; Input files updated by another job: Results/Fastq_Files/SRR7093950.fastq.gz

[Wed Feb  7 10:10:50 2024]
Finished job 10.
7 of 20 steps (35%) done
Select jobs to execute...
Execute 1 jobs...

[Wed Feb  7 10:10:50 2024]
Job 16:  RUNNING BCALM 
Reason: Missing output files: Results/BCALM/SRR7093950_cutadapt.unitigs.fa; Input files updated by another job: Results/Trimming/SRR7093950_cutadapt.fastq.gz

[Wed Feb  7 10:13:17 2024]
Finished job 16.
8 of 20 steps (40%) done
Select jobs to execute...
Execute 1 jobs...

[Wed Feb  7 10:13:17 2024]
localrule sra_prefetch:
    output: Results/Fastq_files/sra_prefetch/SRR7093946.sra
    log: Results/Supplementary_Data/Logs/prefetch/SRR7093946.prefetch.log
    jobid: 4
    benchmark: Results/Supplementary_Data/Benchmark/prefetch/SRR7093946.prefetch.txt
    reason: Missing output files: Results/Fastq_files/sra_prefetch/SRR7093946.sra
    wildcards: sra=SRR7093946
    threads: 2
    resources: tmpdir=/tmp

[Wed Feb  7 10:13:53 2024]
Finished job 4.
9 of 20 steps (45%) done
Select jobs to execute...
Execute 1 jobs...

[Wed Feb  7 10:13:53 2024]
Job 3: fetch fastq from NCBI
Reason: Missing output files: Results/Fastq_Files/SRR7093946.fastq.gz; Input files updated by another job: Results/Fastq_files/sra_prefetch/SRR7093946.sra

[Wed Feb  7 10:33:27 2024]
Finished job 3.
10 of 20 steps (50%) done
Removing temporary output Results/Fastq_files/sra_prefetch/SRR7093946.sra.
Select jobs to execute...
Execute 1 jobs...

[Wed Feb  7 10:33:27 2024]
Job 11: Trimmig FASTQS
Reason: Missing output files: Results/Trimming/SRR7093946_cutadapt.fastq.gz; Input files updated by another job: Results/Fastq_Files/SRR7093946.fastq.gz

[Wed Feb  7 10:41:05 2024]
Finished job 11.
11 of 20 steps (55%) done
Select jobs to execute...
Execute 1 jobs...

[Wed Feb  7 10:41:05 2024]
Job 17:  RUNNING BCALM 
Reason: Missing output files: Results/BCALM/SRR7093946_cutadapt.unitigs.fa; Input files updated by another job: Results/Trimming/SRR7093946_cutadapt.fastq.gz

[Wed Feb  7 10:44:13 2024]
Finished job 17.
12 of 20 steps (60%) done
Select jobs to execute...
Execute 1 jobs...

[Wed Feb  7 10:44:13 2024]
localrule sra_prefetch:
    output: Results/Fastq_files/sra_prefetch/SRR7093942.sra
    log: Results/Supplementary_Data/Logs/prefetch/SRR7093942.prefetch.log
    jobid: 6
    benchmark: Results/Supplementary_Data/Benchmark/prefetch/SRR7093942.prefetch.txt
    reason: Missing output files: Results/Fastq_files/sra_prefetch/SRR7093942.sra
    wildcards: sra=SRR7093942
    threads: 2
    resources: tmpdir=/tmp

[Wed Feb  7 10:44:36 2024]
Finished job 6.
13 of 20 steps (65%) done
Select jobs to execute...
Execute 1 jobs...

[Wed Feb  7 10:44:36 2024]
Job 5: fetch fastq from NCBI
Reason: Missing output files: Results/Fastq_Files/SRR7093942.fastq.gz; Input files updated by another job: Results/Fastq_files/sra_prefetch/SRR7093942.sra

[Wed Feb  7 10:57:43 2024]
Finished job 5.
14 of 20 steps (70%) done
Removing temporary output Results/Fastq_files/sra_prefetch/SRR7093942.sra.
Select jobs to execute...
Execute 1 jobs...

[Wed Feb  7 10:57:44 2024]
Job 12: Trimmig FASTQS
Reason: Missing output files: Results/Trimming/SRR7093942_cutadapt.fastq.gz; Input files updated by another job: Results/Fastq_Files/SRR7093942.fastq.gz

[Wed Feb  7 11:02:31 2024]
Finished job 12.
15 of 20 steps (75%) done
Select jobs to execute...
Execute 1 jobs...

[Wed Feb  7 11:02:31 2024]
localrule multi_fastqc:
    input: Results/Trimming/SRR7093950_cutadapt.fastq.gz, Results/Trimming/SRR7093946_cutadapt.fastq.gz, Results/Trimming/SRR7093942_cutadapt.fastq.gz, Results/Trimming/SRR7093943_cutadapt.fastq.gz
    output: Results/QC/multiqc_report.html
    log: Results/Supplementary_Data/Logs/multifastqc/multifastqc.txt
    jobid: 9
    reason: Missing output files: Results/QC/multiqc_report.html; Input files updated by another job: Results/Trimming/SRR7093942_cutadapt.fastq.gz, Results/Trimming/SRR7093943_cutadapt.fastq.gz, Results/Trimming/SRR7093946_cutadapt.fastq.gz, Results/Trimming/SRR7093950_cutadapt.fastq.gz; Set of input files has changed since last execution
    resources: tmpdir=/tmp

[Wed Feb  7 11:02:34 2024]
Finished job 9.
16 of 20 steps (80%) done
Removing temporary output Results/Trimming/SRR7093950_cutadapt.fastq.gz.
Removing temporary output Results/Trimming/SRR7093946_cutadapt.fastq.gz.
Removing temporary output Results/Trimming/SRR7093943_cutadapt.fastq.gz.
Select jobs to execute...
Execute 1 jobs...

[Wed Feb  7 11:02:34 2024]
Job 18:  RUNNING BCALM 
Reason: Missing output files: Results/BCALM/SRR7093942_cutadapt.unitigs.fa; Input files updated by another job: Results/Trimming/SRR7093942_cutadapt.fastq.gz

[Wed Feb  7 11:04:50 2024]
Finished job 18.
17 of 20 steps (85%) done
Removing temporary output Results/Trimming/SRR7093942_cutadapt.fastq.gz.
Select jobs to execute...
Execute 1 jobs...

[Wed Feb  7 11:04:50 2024]
localrule files_path:
    input: Results/BCALM/SRR7093950_cutadapt.unitigs.fa, Results/BCALM/SRR7093946_cutadapt.unitigs.fa, Results/BCALM/SRR7093942_cutadapt.unitigs.fa, Results/BCALM/SRR7093943_cutadapt.unitigs.fa
    output: Results/REINDEER/files_path.txt
    jobid: 15
    reason: Missing output files: Results/REINDEER/files_path.txt; Input files updated by another job: Results/BCALM/SRR7093950_cutadapt.unitigs.fa, Results/BCALM/SRR7093946_cutadapt.unitigs.fa, Results/BCALM/SRR7093942_cutadapt.unitigs.fa, Results/BCALM/SRR7093943_cutadapt.unitigs.fa; Set of input files has changed since last execution
    resources: tmpdir=/tmp

[Wed Feb  7 11:04:52 2024]
Finished job 15.
18 of 20 steps (90%) done
Select jobs to execute...
Execute 1 jobs...

[Wed Feb  7 11:04:52 2024]
Job 14:  RUNNING REINDEER 
Reason: Missing output files: Results/REINDEER/index_reindeer/reindeer_index.gz; Input files updated by another job: Results/REINDEER/files_path.txt

[Wed Feb  7 11:09:37 2024]
Finished job 14.
19 of 20 steps (95%) done
Select jobs to execute...
Execute 1 jobs...

[Wed Feb  7 11:09:37 2024]
localrule all:
    input: Results/Fastq_Files/SRR7093950.fastq.gz, Results/Fastq_Files/SRR7093946.fastq.gz, Results/Fastq_Files/SRR7093942.fastq.gz, Results/Fastq_Files/SRR7093943.fastq.gz, Results/QC/multiqc_report.html, Results/REINDEER/index_reindeer/reindeer_index.gz
    jobid: 0
    reason: Input files updated by another job: Results/Fastq_Files/SRR7093943.fastq.gz, Results/Fastq_Files/SRR7093946.fastq.gz, Results/Fastq_Files/SRR7093942.fastq.gz, Results/QC/multiqc_report.html, Results/REINDEER/index_reindeer/reindeer_index.gz, Results/Fastq_Files/SRR7093950.fastq.gz
    resources: tmpdir=/tmp

[Wed Feb  7 11:09:37 2024]
Finished job 0.
20 of 20 steps (100%) done
Removing temporary output Results/Fastq_Files/SRR7093950.fastq.gz.
Removing temporary output Results/Fastq_Files/SRR7093946.fastq.gz.
Removing temporary output Results/Fastq_Files/SRR7093942.fastq.gz.
Removing temporary output Results/Fastq_Files/SRR7093943.fastq.gz.
Complete log: .snakemake/log/2024-02-07T092850.849727.snakemake.log
