Building DAG of jobs...
Using shell: /usr/bin/bash
Provided cores: 8
Rules claiming more threads will be scaled down.
Job stats:
job            count
-----------  -------
all                1
fetch_fastq        1
total              2

Select jobs to execute...
Execute 1 jobs...

[Fri Feb  2 14:54:54 2024]
Job 1: fetch fastq from NCBI
Reason: Missing output files: Results/Fastq_Files/SRR7093892.fastq.gz

[Fri Feb  2 14:57:22 2024]
Finished job 1.
1 of 2 steps (50%) done
Select jobs to execute...
Execute 1 jobs...

[Fri Feb  2 14:57:22 2024]
localrule all:
    input: Results/Fastq_Files/SRR7093892.fastq.gz
    jobid: 0
    reason: Input files updated by another job: Results/Fastq_Files/SRR7093892.fastq.gz
    resources: tmpdir=/tmp

[Fri Feb  2 14:57:22 2024]
Finished job 0.
2 of 2 steps (100%) done
Complete log: .snakemake/log/2024-02-02T145453.993155.snakemake.log
