Building DAG of jobs...
Using shell: /usr/bin/bash
Provided cores: 4
Rules claiming more threads will be scaled down.
Job stats:
job               count
--------------  -------
adapt_trimming        4
all                   1
bcalm                 4
files_path            1
reindeer              1
total                11

Select jobs to execute...
Execute 1 jobs...

[Wed Mar  6 10:36:55 2024]
Job 11: Trimmig FASTQS
Reason: Missing output files: /home/el_fadwa1997/Results/Trimming/SRR7093893_cutadapt.fastq.gz

[Wed Mar  6 10:38:23 2024]
Finished job 11.
1 of 11 steps (9%) done
Select jobs to execute...
Execute 1 jobs...

[Wed Mar  6 10:38:23 2024]
Job 10: Trimmig FASTQS
Reason: Missing output files: /home/el_fadwa1997/Results/Trimming/SRR7093892_cutadapt.fastq.gz

[Wed Mar  6 10:43:42 2024]
Finished job 10.
2 of 11 steps (18%) done
Select jobs to execute...
Execute 2 jobs...

[Wed Mar  6 10:43:42 2024]
Job 16:  RUNNING BCALM 
Reason: Input files updated by another job: /home/el_fadwa1997/Results/Trimming/SRR7093892_cutadapt.fastq.gz; Code has changed since last execution


[Wed Mar  6 10:43:42 2024]
Job 17:  RUNNING BCALM 
Reason: Input files updated by another job: /home/el_fadwa1997/Results/Trimming/SRR7093893_cutadapt.fastq.gz; Code has changed since last execution

[Wed Mar  6 10:53:02 2024]
Finished job 17.
3 of 11 steps (27%) done
Select jobs to execute...
[Wed Mar  6 10:54:11 2024]
Error in rule bcalm:
    jobid: 16
    input: /home/el_fadwa1997/Results/Trimming/SRR7093892_cutadapt.fastq.gz
    output: /home/el_fadwa1997/Results/BCALM/SRR7093892_cutadapt.unitigs.fa
    shell:
        set +eu && . $(conda info --base)/etc/profile.d/conda.sh ; conda activate bcalm ; bcalm -in /home/el_fadwa1997/Results/Trimming/SRR7093892_cutadapt.fastq.gz -kmer-size 31 -abundance-min 3 -out-dir /home/el_fadwa1997/Results/BCALM -nb-cores 8 -out /home/el_fadwa1997/Results/BCALM/SRR7093892_cutadapt && cd /home/el_fadwa1997/Results/BCALM; rm *.glue*
        (one of the commands exited with non-zero exit code; note that snakemake uses bash strict mode!)

Shutting down, this might take some time.
Exiting because a job execution failed. Look above for error message
Complete log: .snakemake/log/2024-03-06T103654.329714.snakemake.log
WorkflowError:
At least one job did not complete successfully.
