Building DAG of jobs...
Using shell: /usr/bin/bash
Provided cores: 5
Rules claiming more threads will be scaled down.
Job stats:
job            count
-----------  -------
all                1
reads_count        1
total              2

Select jobs to execute...
Execute 1 jobs...

[Tue Mar 12 22:05:02 2024]
localrule reads_count:
    input: /home/el_fadwa1997/Results/Trimming/ERR12022339_cutadapt.fastq.gz, /home/el_fadwa1997/Results/Trimming/ERR12022224_cutadapt.fastq.gz
    output: /home/el_fadwa1997/Results/Statistics/statistics.txt
    jobid: 1
    reason: Missing output files: /home/el_fadwa1997/Results/Statistics/statistics.txt
    resources: tmpdir=/tmp

[Tue Mar 12 22:05:02 2024]
Error in rule reads_count:
    jobid: 1
    input: /home/el_fadwa1997/Results/Trimming/ERR12022339_cutadapt.fastq.gz, /home/el_fadwa1997/Results/Trimming/ERR12022224_cutadapt.fastq.gz
    output: /home/el_fadwa1997/Results/Statistics/statistics.txt
    shell:
        sh /home/el_fadwa1997/GCP/scripts/reads_count.sh /home/el_fadwa1997/Results/Statistics/statistics.txt /home/el_fadwa1997/Results/Trimming/ERR12022339_cutadapt.fastq.gz /home/el_fadwa1997/Results/Trimming/ERR12022224_cutadapt.fastq.gz
        (one of the commands exited with non-zero exit code; note that snakemake uses bash strict mode!)

Shutting down, this might take some time.
Exiting because a job execution failed. Look above for error message
Complete log: .snakemake/log/2024-03-12T220502.498992.snakemake.log
WorkflowError:
At least one job did not complete successfully.
