Building DAG of jobs...
Using shell: /usr/bin/bash
Provided cores: 4
Rules claiming more threads will be scaled down.
Job stats:
job           count
----------  -------
all               1
bcalm             1
files_path        1
reindeer          1
total             4

Select jobs to execute...
Execute 1 jobs...

[Wed Mar  6 14:04:35 2024]
Job 3:  RUNNING BCALM 
Reason: Missing output files: /home/el_fadwa1997/Results/BCALM/SRR7093892_cutadapt.unitigs.fa; Updated input files: /home/el_fadwa1997/Results/Trimming/SRR7093892_cutadapt.fastq.gz

[Wed Mar  6 14:09:37 2024]
Finished job 3.
1 of 4 steps (25%) done
Select jobs to execute...
Execute 1 jobs...

[Wed Mar  6 14:09:37 2024]
localrule files_path:
    input: /home/el_fadwa1997/Results/BCALM/SRR7093892_cutadapt.unitigs.fa, /home/el_fadwa1997/Results/BCALM/SRR7093893_cutadapt.unitigs.fa, /home/el_fadwa1997/Results/BCALM/SRR7093894_cutadapt.unitigs.fa, /home/el_fadwa1997/Results/BCALM/SRR7093895_cutadapt.unitigs.fa
    output: /home/el_fadwa1997/Results/REINDEER/files_path.txt
    jobid: 2
    reason: Input files updated by another job: /home/el_fadwa1997/Results/BCALM/SRR7093892_cutadapt.unitigs.fa
    resources: tmpdir=/tmp

[Wed Mar  6 14:09:39 2024]
Finished job 2.
2 of 4 steps (50%) done
Select jobs to execute...
Execute 1 jobs...

[Wed Mar  6 14:09:39 2024]
Job 1:  RUNNING REINDEER 
Reason: Input files updated by another job: /home/el_fadwa1997/Results/REINDEER/files_path.txt

[Wed Mar  6 14:14:13 2024]
Finished job 1.
3 of 4 steps (75%) done
Select jobs to execute...
Execute 1 jobs...

[Wed Mar  6 14:14:13 2024]
localrule all:
    input: /home/el_fadwa1997/Results/Trimming/SRR7093892_cutadapt.fastq.gz, /home/el_fadwa1997/Results/Trimming/SRR7093893_cutadapt.fastq.gz, /home/el_fadwa1997/Results/Trimming/SRR7093894_cutadapt.fastq.gz, /home/el_fadwa1997/Results/Trimming/SRR7093895_cutadapt.fastq.gz, /home/el_fadwa1997/Results/REINDEER/index_reindeer/reindeer_index.gz
    jobid: 0
    reason: Input files updated by another job: /home/el_fadwa1997/Results/REINDEER/index_reindeer/reindeer_index.gz
    resources: tmpdir=/tmp

[Wed Mar  6 14:14:13 2024]
Finished job 0.
4 of 4 steps (100%) done
Complete log: .snakemake/log/2024-03-06T140434.545108.snakemake.log
