Building DAG of jobs...
Using shell: /usr/bin/bash
Provided cores: 2
Rules claiming more threads will be scaled down.
Job stats:
job               count
--------------  -------
adapt_trimming        3
all                   1
bcalm                 3
fetch_fastq           3
files_path            1
make_fastqc           6
multi_fastqc          1
path_trimmed          3
reads_count           1
reindeer              1
total                23

Select jobs to execute...
Execute 1 jobs...

[Wed Mar 13 13:46:26 2024]
Job 1: fetch fastq from NCBI
Reason: Missing output files: /home/el_fadwa1997/Results/Fastq_Files/SRR28293179_1.fastq.gz, /home/el_fadwa1997/Results/Fastq_Files/SRR28293179_2.fastq.gz

[Wed Mar 13 13:48:28 2024]
Finished job 1.
1 of 23 steps (4%) done
Select jobs to execute...
Execute 2 jobs...

[Wed Mar 13 13:48:28 2024]
localrule make_fastqc:
    input: /home/el_fadwa1997/Results/Fastq_Files/SRR28293179_1.fastq.gz
    output: /home/el_fadwa1997/Results/QC/SRR28293179/SRR28293179_1_fastqc.zip, /home/el_fadwa1997/Results/QC/SRR28293179/SRR28293179_1_fastqc.html
    log: /home/el_fadwa1997/Results/Supplementary_Data/Logs/QC/SRR28293179_1_fastqc.log
    jobid: 5
    benchmark: /home/el_fadwa1997/Results/Supplementary_Data/Benchmark/QC/SRR28293179_1.fastqc.txt
    reason: Missing output files: /home/el_fadwa1997/Results/QC/SRR28293179/SRR28293179_1_fastqc.zip; Input files updated by another job: /home/el_fadwa1997/Results/Fastq_Files/SRR28293179_1.fastq.gz
    wildcards: sra=SRR28293179, reads=1
    resources: tmpdir=/tmp


[Wed Mar 13 13:48:28 2024]
localrule make_fastqc:
    input: /home/el_fadwa1997/Results/Fastq_Files/SRR28293179_2.fastq.gz
    output: /home/el_fadwa1997/Results/QC/SRR28293179/SRR28293179_2_fastqc.zip, /home/el_fadwa1997/Results/QC/SRR28293179/SRR28293179_2_fastqc.html
    log: /home/el_fadwa1997/Results/Supplementary_Data/Logs/QC/SRR28293179_2_fastqc.log
    jobid: 6
    benchmark: /home/el_fadwa1997/Results/Supplementary_Data/Benchmark/QC/SRR28293179_2.fastqc.txt
    reason: Missing output files: /home/el_fadwa1997/Results/QC/SRR28293179/SRR28293179_2_fastqc.zip; Input files updated by another job: /home/el_fadwa1997/Results/Fastq_Files/SRR28293179_2.fastq.gz
    wildcards: sra=SRR28293179, reads=2
    resources: tmpdir=/tmp

[Wed Mar 13 13:48:55 2024]
Finished job 6.
2 of 23 steps (9%) done
Removing temporary output /home/el_fadwa1997/Results/QC/SRR28293179/SRR28293179_2_fastqc.html.
Select jobs to execute...
[Wed Mar 13 13:48:55 2024]
Finished job 5.
3 of 23 steps (13%) done
Removing temporary output /home/el_fadwa1997/Results/QC/SRR28293179/SRR28293179_1_fastqc.html.
Execute 1 jobs...

[Wed Mar 13 13:48:55 2024]
Job 11: Trimmig FASTQS
Reason: Missing output files: /home/el_fadwa1997/Results/Trimming/SRR28293179/SRR28293179_2_cutadapt.fastq.gz, /home/el_fadwa1997/Results/Trimming/SRR28293179/SRR28293179_1_cutadapt.fastq.gz; Input files updated by another job: /home/el_fadwa1997/Results/Fastq_Files/SRR28293179_1.fastq.gz, /home/el_fadwa1997/Results/Fastq_Files/SRR28293179_2.fastq.gz

[Wed Mar 13 13:48:56 2024]
Error in rule adapt_trimming:
    jobid: 11
    input: /home/el_fadwa1997/Results/Fastq_Files/SRR28293179_1.fastq.gz, /home/el_fadwa1997/Results/Fastq_Files/SRR28293179_2.fastq.gz
    output: /home/el_fadwa1997/Results/Trimming/SRR28293179/SRR28293179_1_cutadapt.fastq.gz, /home/el_fadwa1997/Results/Trimming/SRR28293179/SRR28293179_2_cutadapt.fastq.gz
    log: /home/el_fadwa1997/Results/Supplementary_Data/Logs/Trimming/SRR28293179_cutadapt.log (check log file(s) for error details)
    shell:
        
                      set +eu &&
                      . $(conda info --base)/etc/profile.d/conda.sh &&
                      conda activate cutadapt &&
                      cutadapt                       -j 8 -q 20 -m 20 --cores 2 -o /home/el_fadwa1997/Results/Trimming/SRR28293179/SRR28293179_1_cutadapt.fastq.gz -p /home/el_fadwa1997/Results/Trimming/SRR28293179/SRR28293179_2_cutadapt.fastq.gz -a config["ADAPTERS_R1"] -A config["ADAPTER_R2"]                       /home/el_fadwa1997/Results/Fastq_Files/SRR28293179_1.fastq.gz /home/el_fadwa1997/Results/Fastq_Files/SRR28293179_2.fastq.gz  > /home/el_fadwa1997/Results/Supplementary_Data/Logs/Trimming/SRR28293179_cutadapt.log 2>&1
                      
        (one of the commands exited with non-zero exit code; note that snakemake uses bash strict mode!)

Shutting down, this might take some time.
Exiting because a job execution failed. Look above for error message
Complete log: .snakemake/log/2024-03-13T134625.936856.snakemake.log
WorkflowError:
At least one job did not complete successfully.
