Building DAG of jobs...
Using shell: /usr/bin/bash
Provided cores: 4
Rules claiming more threads will be scaled down.
Job stats:
job           count
----------  -------
all               1
bcalm             4
compressed        4
files_path        1
reindeer          1
total            11

Select jobs to execute...
Execute 2 jobs...

[Wed Mar  6 19:36:44 2024]
Job 10:  RUNNING BCALM 
Reason: Missing output files: /home/el_fadwa1997/Results/BCALM/SRR7093895_cutadapt.unitigs.fa


[Wed Mar  6 19:36:44 2024]
Job 9:  RUNNING BCALM 
Reason: Code has changed since last execution

[Wed Mar  6 19:42:06 2024]
Error in rule bcalm:
    jobid: 10
    input: /home/el_fadwa1997/Results/Trimming/SRR7093895_cutadapt.fastq.gz
    output: /home/el_fadwa1997/Results/BCALM/SRR7093895_cutadapt.unitigs.fa
    shell:
        set +eu && . $(conda info --base)/etc/profile.d/conda.sh ; conda activate bcalm ; bcalm -in /home/el_fadwa1997/Results/Trimming/SRR7093895_cutadapt.fastq.gz -kmer-size 31 -abundance-min 3 -out-dir /home/el_fadwa1997/Results/BCALM -nb-cores 8 -out /home/el_fadwa1997/Results/BCALM/SRR7093895_cutadapt -max-memory 50000
        (one of the commands exited with non-zero exit code; note that snakemake uses bash strict mode!)

[Wed Mar  6 19:43:08 2024]
Error in rule bcalm:
    jobid: 9
    input: /home/el_fadwa1997/Results/Trimming/SRR7093894_cutadapt.fastq.gz
    output: /home/el_fadwa1997/Results/BCALM/SRR7093894_cutadapt.unitigs.fa
    shell:
        set +eu && . $(conda info --base)/etc/profile.d/conda.sh ; conda activate bcalm ; bcalm -in /home/el_fadwa1997/Results/Trimming/SRR7093894_cutadapt.fastq.gz -kmer-size 31 -abundance-min 3 -out-dir /home/el_fadwa1997/Results/BCALM -nb-cores 8 -out /home/el_fadwa1997/Results/BCALM/SRR7093894_cutadapt -max-memory 50000
        (one of the commands exited with non-zero exit code; note that snakemake uses bash strict mode!)

Shutting down, this might take some time.
Exiting because a job execution failed. Look above for error message
Complete log: .snakemake/log/2024-03-06T193643.673177.snakemake.log
WorkflowError:
At least one job did not complete successfully.
