Building DAG of jobs...
Using shell: /usr/bin/bash
Provided cores: 4
Rules claiming more threads will be scaled down.
Job stats:
job               count
--------------  -------
adapt_trimming        2
all                   1
reads_count           1
total                 4

Select jobs to execute...
Execute 1 jobs...

[Tue Mar 12 22:18:38 2024]
Job 2: Trimmig FASTQS
Reason: Missing output files: /home/el_fadwa1997/Results/Trimming/ERR12022339_cutadapt.fastq.gz

[Tue Mar 12 22:19:02 2024]
Finished job 2.
1 of 4 steps (25%) done
Removing temporary output /home/el_fadwa1997/Results/Fastq_Files/ERR12022339.fastq.gz.
Select jobs to execute...
Execute 1 jobs...

[Tue Mar 12 22:19:02 2024]
Job 4: Trimmig FASTQS
Reason: Missing output files: /home/el_fadwa1997/Results/Trimming/ERR12022224_cutadapt.fastq.gz

[Tue Mar 12 22:19:22 2024]
Finished job 4.
2 of 4 steps (50%) done
Removing temporary output /home/el_fadwa1997/Results/Fastq_Files/ERR12022224.fastq.gz.
Select jobs to execute...
Execute 1 jobs...

[Tue Mar 12 22:19:22 2024]
localrule reads_count:
    input: /home/el_fadwa1997/Results/Trimming/ERR12022339_cutadapt.fastq.gz, /home/el_fadwa1997/Results/Trimming/ERR12022224_cutadapt.fastq.gz
    output: /home/el_fadwa1997/Results/Statistics/statistics.txt
    jobid: 1
    reason: Missing output files: /home/el_fadwa1997/Results/Statistics/statistics.txt; Input files updated by another job: /home/el_fadwa1997/Results/Trimming/ERR12022224_cutadapt.fastq.gz, /home/el_fadwa1997/Results/Trimming/ERR12022339_cutadapt.fastq.gz
    resources: tmpdir=/tmp

[Tue Mar 12 22:19:23 2024]
Finished job 1.
3 of 4 steps (75%) done
Removing temporary output /home/el_fadwa1997/Results/Trimming/ERR12022339_cutadapt.fastq.gz.
Removing temporary output /home/el_fadwa1997/Results/Trimming/ERR12022224_cutadapt.fastq.gz.
Select jobs to execute...
Execute 1 jobs...

[Tue Mar 12 22:19:23 2024]
localrule all:
    input: /home/el_fadwa1997/Results/Statistics/statistics.txt
    jobid: 0
    reason: Input files updated by another job: /home/el_fadwa1997/Results/Statistics/statistics.txt
    resources: tmpdir=/tmp

[Tue Mar 12 22:19:23 2024]
Finished job 0.
4 of 4 steps (100%) done
Complete log: .snakemake/log/2024-03-12T221837.271452.snakemake.log
