Building DAG of jobs...
Using shell: /usr/bin/bash
Provided cores: 1 (use --cores to define parallelism)
Rules claiming more threads will be scaled down.
Job stats:
job             count
------------  -------
all                 1
make_fastqc         4
multi_fastqc        1
reindeer            1
total               7

Select jobs to execute...
Execute 1 jobs...

[Wed Mar  6 09:17:23 2024]
localrule make_fastqc:
    input: /home/el_fadwa1997/Results/Fastq_Files/SRR7093892.fastq.gz
    output: /home/el_fadwa1997/Results/QC/SRR7093892/SRR7093892_fastqc.zip, /home/el_fadwa1997/Results/QC/SRR7093892/SRR7093892_fastqc.html
    log: /home/el_fadwa1997/Results/QC/SRR7093892.log
    jobid: 6
    benchmark: /home/el_fadwa1997/Results/QC/SRR7093892_benchmark.txt
    reason: Missing output files: /home/el_fadwa1997/Results/QC/SRR7093892/SRR7093892_fastqc.html
    wildcards: sra=SRR7093892
    resources: tmpdir=/tmp

[Wed Mar  6 09:17:24 2024]
Error in rule make_fastqc:
    jobid: 6
    input: /home/el_fadwa1997/Results/Fastq_Files/SRR7093892.fastq.gz
    output: /home/el_fadwa1997/Results/QC/SRR7093892/SRR7093892_fastqc.zip, /home/el_fadwa1997/Results/QC/SRR7093892/SRR7093892_fastqc.html
    log: /home/el_fadwa1997/Results/QC/SRR7093892.log (check log file(s) for error details)
    shell:
         set +eu && . $(conda info --base)/etc/profile.d/conda.sh && fastqc /home/el_fadwa1997/Results/Fastq_Files/SRR7093892.fastq.gz --outdir /home/el_fadwa1997/Results/QC/SRR7093892 2> /home/el_fadwa1997/Results/QC/SRR7093892.log
        (one of the commands exited with non-zero exit code; note that snakemake uses bash strict mode!)

Shutting down, this might take some time.
Exiting because a job execution failed. Look above for error message
Complete log: .snakemake/log/2024-03-06T091723.595354.snakemake.log
WorkflowError:
At least one job did not complete successfully.
