Building DAG of jobs...
Using shell: /usr/bin/bash
Provided cores: 4
Rules claiming more threads will be scaled down.
Job stats:
job               count
--------------  -------
adapt_trimming        2
all                   1
fetch_fastq           2
reads_count           1
total                 6

Select jobs to execute...
Execute 1 jobs...

[Tue Mar 12 22:29:20 2024]
Job 3: fetch fastq from NCBI
Reason: Missing output files: /home/el_fadwa1997/Results/Fastq_Files/ERR12022339.fastq.gz

[Tue Mar 12 22:30:04 2024]
Finished job 3.
1 of 6 steps (17%) done
Select jobs to execute...
Execute 1 jobs...

[Tue Mar 12 22:30:04 2024]
Job 2: Trimmig FASTQS
Reason: Missing output files: /home/el_fadwa1997/Results/Trimming/ERR12022339_cutadapt.fastq.gz; Input files updated by another job: /home/el_fadwa1997/Results/Fastq_Files/ERR12022339.fastq.gz

[Tue Mar 12 22:30:28 2024]
Finished job 2.
2 of 6 steps (33%) done
Removing temporary output /home/el_fadwa1997/Results/Fastq_Files/ERR12022339.fastq.gz.
Select jobs to execute...
Execute 1 jobs...

[Tue Mar 12 22:30:28 2024]
Job 5: fetch fastq from NCBI
Reason: Missing output files: /home/el_fadwa1997/Results/Fastq_Files/ERR12022224.fastq.gz

[Tue Mar 12 22:31:06 2024]
Finished job 5.
3 of 6 steps (50%) done
Select jobs to execute...
Execute 1 jobs...

[Tue Mar 12 22:31:06 2024]
Job 4: Trimmig FASTQS
Reason: Missing output files: /home/el_fadwa1997/Results/Trimming/ERR12022224_cutadapt.fastq.gz; Input files updated by another job: /home/el_fadwa1997/Results/Fastq_Files/ERR12022224.fastq.gz

[Tue Mar 12 22:31:32 2024]
Finished job 4.
4 of 6 steps (67%) done
Removing temporary output /home/el_fadwa1997/Results/Fastq_Files/ERR12022224.fastq.gz.
Select jobs to execute...
Execute 1 jobs...

[Tue Mar 12 22:31:33 2024]
localrule reads_count:
    input: /home/el_fadwa1997/Results/Trimming/ERR12022339_cutadapt.fastq.gz, /home/el_fadwa1997/Results/Trimming/ERR12022224_cutadapt.fastq.gz
    output: /home/el_fadwa1997/Results/Statistics/statistics.txt
    jobid: 1
    reason: Missing output files: /home/el_fadwa1997/Results/Statistics/statistics.txt; Input files updated by another job: /home/el_fadwa1997/Results/Trimming/ERR12022339_cutadapt.fastq.gz, /home/el_fadwa1997/Results/Trimming/ERR12022224_cutadapt.fastq.gz
    resources: tmpdir=/tmp

[Tue Mar 12 22:31:33 2024]
Finished job 1.
5 of 6 steps (83%) done
Removing temporary output /home/el_fadwa1997/Results/Trimming/ERR12022339_cutadapt.fastq.gz.
Removing temporary output /home/el_fadwa1997/Results/Trimming/ERR12022224_cutadapt.fastq.gz.
Select jobs to execute...
Execute 1 jobs...

[Tue Mar 12 22:31:33 2024]
localrule all:
    input: /home/el_fadwa1997/Results/Statistics/statistics.txt
    jobid: 0
    reason: Input files updated by another job: /home/el_fadwa1997/Results/Statistics/statistics.txt
    resources: tmpdir=/tmp

[Tue Mar 12 22:31:33 2024]
Finished job 0.
6 of 6 steps (100%) done
Complete log: .snakemake/log/2024-03-12T222919.974456.snakemake.log
