Building DAG of jobs...
Using shell: /usr/bin/bash
Provided cores: 8
Rules claiming more threads will be scaled down.
Job stats:
job            count
-----------  -------
all                1
fetch_fastq        4
total              5

Select jobs to execute...
Execute 1 jobs...

[Tue Mar  5 11:43:38 2024]
Job 4: fetch fastq from NCBI
Reason: Missing output files: /home/el_fadwa1997/Results/Fastq_Files/SRR7093895.fastq.gz

[Tue Mar  5 11:52:47 2024]
Finished job 4.
1 of 5 steps (20%) done
Select jobs to execute...
Execute 1 jobs...

[Tue Mar  5 11:52:47 2024]
Job 2: fetch fastq from NCBI
Reason: Missing output files: /home/el_fadwa1997/Results/Fastq_Files/SRR7093893.fastq.gz

[Tue Mar  5 11:58:03 2024]
Finished job 2.
2 of 5 steps (40%) done
Select jobs to execute...
Execute 1 jobs...

[Tue Mar  5 11:58:03 2024]
Job 3: fetch fastq from NCBI
Reason: Missing output files: /home/el_fadwa1997/Results/Fastq_Files/SRR7093894.fastq.gz

[Tue Mar  5 12:10:23 2024]
Finished job 3.
3 of 5 steps (60%) done
Select jobs to execute...
Execute 1 jobs...

[Tue Mar  5 12:10:23 2024]
Job 1: fetch fastq from NCBI
Reason: Missing output files: /home/el_fadwa1997/Results/Fastq_Files/SRR7093892.fastq.gz

[Tue Mar  5 12:20:52 2024]
Finished job 1.
4 of 5 steps (80%) done
Select jobs to execute...
Execute 1 jobs...

[Tue Mar  5 12:20:52 2024]
localrule all:
    input: /home/el_fadwa1997/Results/Fastq_Files/SRR7093892.fastq.gz, /home/el_fadwa1997/Results/Fastq_Files/SRR7093893.fastq.gz, /home/el_fadwa1997/Results/Fastq_Files/SRR7093894.fastq.gz, /home/el_fadwa1997/Results/Fastq_Files/SRR7093895.fastq.gz
    jobid: 0
    reason: Input files updated by another job: /home/el_fadwa1997/Results/Fastq_Files/SRR7093892.fastq.gz, /home/el_fadwa1997/Results/Fastq_Files/SRR7093894.fastq.gz, /home/el_fadwa1997/Results/Fastq_Files/SRR7093893.fastq.gz, /home/el_fadwa1997/Results/Fastq_Files/SRR7093895.fastq.gz
    resources: tmpdir=/tmp

[Tue Mar  5 12:20:52 2024]
Finished job 0.
5 of 5 steps (100%) done
Complete log: .snakemake/log/2024-03-05T114338.519591.snakemake.log
