Building DAG of jobs...
Using shell: /usr/bin/bash
Provided cores: 1 (use --cores to define parallelism)
Rules claiming more threads will be scaled down.
Job stats:
job             count
------------  -------
all                 1
dump_sra            1
sra_prefetch        1
total               3

Select jobs to execute...
Execute 1 jobs...

[Mon Feb  5 10:57:52 2024]
localrule sra_prefetch:
    output: Results/Fastq_files/sra_prefetch/SRR7093892.sra
    log: Results/Supplementary_Data/Logs/prefetch/SRR7093892.prefetch.log
    jobid: 2
    benchmark: Results/Supplementary_Data/Benchmark/prefetch/SRR7093892.prefetch.txt
    reason: Missing output files: Results/Fastq_files/sra_prefetch/SRR7093892.sra
    wildcards: sra=SRR7093892
    resources: tmpdir=/tmp

[Mon Feb  5 10:58:09 2024]
Finished job 2.
1 of 3 steps (33%) done
Select jobs to execute...
Execute 1 jobs...

[Mon Feb  5 10:58:09 2024]
Job 1: fetch fastq from NCBI
Reason: Input files updated by another job: Results/Fastq_files/sra_prefetch/SRR7093892.sra; Set of input files has changed since last execution; Code has changed since last execution

[Mon Feb  5 11:04:50 2024]
Finished job 1.
2 of 3 steps (67%) done
Removing temporary output Results/Fastq_files/sra_prefetch/SRR7093892.sra.
Select jobs to execute...
Execute 1 jobs...

[Mon Feb  5 11:04:50 2024]
localrule all:
    input: Results/Fastq_Files/SRR7093892.fastq.gz
    jobid: 0
    reason: Input files updated by another job: Results/Fastq_Files/SRR7093892.fastq.gz
    resources: tmpdir=/tmp

[Mon Feb  5 11:04:50 2024]
Finished job 0.
3 of 3 steps (100%) done
Removing temporary output Results/Fastq_Files/SRR7093892.fastq.gz.
Complete log: .snakemake/log/2024-02-05T105752.101850.snakemake.log
