Building DAG of jobs...
Using shell: /usr/bin/bash
Provided cores: 8
Rules claiming more threads will be scaled down.
Job stats:
job               count
--------------  -------
adapt_trimming        4
all                   1
bcalm                 4
files_path            1
multi_fastqc          1
reindeer              1
total                12

Select jobs to execute...
Execute 1 jobs...

[Tue Mar  5 13:47:58 2024]
Job 6: Trimmig FASTQS
Reason: Missing output files: /home/el_fadwa1997/Results/Trimming/SRR7093892_cutadapt.fastq.gz

[Tue Mar  5 13:51:52 2024]
Finished job 6.
1 of 12 steps (8%) done
Select jobs to execute...
Execute 1 jobs...

[Tue Mar  5 13:51:52 2024]
Job 7: Trimmig FASTQS
Reason: Missing output files: /home/el_fadwa1997/Results/Trimming/SRR7093893_cutadapt.fastq.gz

[Tue Mar  5 13:54:48 2024]
Finished job 7.
2 of 12 steps (17%) done
Select jobs to execute...
Execute 1 jobs...

[Tue Mar  5 13:54:48 2024]
Job 9: Trimmig FASTQS
Reason: Missing output files: /home/el_fadwa1997/Results/Trimming/SRR7093895_cutadapt.fastq.gz

[Tue Mar  5 14:00:49 2024]
Finished job 9.
3 of 12 steps (25%) done
Select jobs to execute...
Execute 1 jobs...

[Tue Mar  5 14:00:49 2024]
Job 8: Trimmig FASTQS
Reason: Missing output files: /home/el_fadwa1997/Results/Trimming/SRR7093894_cutadapt.fastq.gz

[Tue Mar  5 14:07:38 2024]
Finished job 8.
4 of 12 steps (33%) done
Select jobs to execute...
Execute 4 jobs...

[Tue Mar  5 14:07:38 2024]
Job 14:  RUNNING BCALM 
Reason: Missing output files: /home/el_fadwa1997/Results/BCALM/SRR7093894_cutadapt.unitigs.fa; Input files updated by another job: /home/el_fadwa1997/Results/Trimming/SRR7093894_cutadapt.fastq.gz


[Tue Mar  5 14:07:38 2024]
Job 13:  RUNNING BCALM 
Reason: Missing output files: /home/el_fadwa1997/Results/BCALM/SRR7093893_cutadapt.unitigs.fa; Input files updated by another job: /home/el_fadwa1997/Results/Trimming/SRR7093893_cutadapt.fastq.gz


[Tue Mar  5 14:07:38 2024]
Job 12:  RUNNING BCALM 
Reason: Missing output files: /home/el_fadwa1997/Results/BCALM/SRR7093892_cutadapt.unitigs.fa; Input files updated by another job: /home/el_fadwa1997/Results/Trimming/SRR7093892_cutadapt.fastq.gz


[Tue Mar  5 14:07:38 2024]
Job 15:  RUNNING BCALM 
Reason: Missing output files: /home/el_fadwa1997/Results/BCALM/SRR7093895_cutadapt.unitigs.fa; Input files updated by another job: /home/el_fadwa1997/Results/Trimming/SRR7093895_cutadapt.fastq.gz

[Tue Mar  5 14:16:36 2024]
Error in rule bcalm:
    jobid: 13
    input: /home/el_fadwa1997/Results/Trimming/SRR7093893_cutadapt.fastq.gz
    output: /home/el_fadwa1997/Results/BCALM/SRR7093893_cutadapt.unitigs.fa
    shell:
        set +eu && . $(conda info --base)/etc/profile.d/conda.sh ; conda activate bcalm ; bcalm -in /home/el_fadwa1997/Results/Trimming/SRR7093893_cutadapt.fastq.gz -kmer-size 31 -abundance-min 3 -out-dir /home/el_fadwa1997/Results/BCALM -nb-cores 8 -out /home/el_fadwa1997/Results/BCALM/SRR7093893_cutadapt 
        (one of the commands exited with non-zero exit code; note that snakemake uses bash strict mode!)

[Tue Mar  5 14:23:12 2024]
Error in rule bcalm:
    jobid: 12
    input: /home/el_fadwa1997/Results/Trimming/SRR7093892_cutadapt.fastq.gz
    output: /home/el_fadwa1997/Results/BCALM/SRR7093892_cutadapt.unitigs.fa
    shell:
        set +eu && . $(conda info --base)/etc/profile.d/conda.sh ; conda activate bcalm ; bcalm -in /home/el_fadwa1997/Results/Trimming/SRR7093892_cutadapt.fastq.gz -kmer-size 31 -abundance-min 3 -out-dir /home/el_fadwa1997/Results/BCALM -nb-cores 8 -out /home/el_fadwa1997/Results/BCALM/SRR7093892_cutadapt 
        (one of the commands exited with non-zero exit code; note that snakemake uses bash strict mode!)

Terminating processes on user request, this might take some time.
