Building DAG of jobs...
Using shell: /usr/bin/bash
Provided cores: 1 (use --cores to define parallelism)
Rules claiming more threads will be scaled down.
Job stats:
job               count
--------------  -------
adapt_trimming        2
all                   1
bcalm                 4
files_path            1
reindeer              1
total                 9

Select jobs to execute...
Execute 1 jobs...

[Wed Mar  6 11:10:13 2024]
Job 16:  RUNNING BCALM 
Reason: Missing output files: /home/el_fadwa1997/Results/BCALM/SRR7093892_cutadapt.unitigs.fa

[Wed Mar  6 11:15:25 2024]
Finished job 16.
1 of 9 steps (11%) done
Select jobs to execute...
Execute 1 jobs...

[Wed Mar  6 11:15:26 2024]
Job 17:  RUNNING BCALM 
Reason: Missing output files: /home/el_fadwa1997/Results/BCALM/SRR7093893_cutadapt.unitigs.fa; Code has changed since last execution

[Wed Mar  6 11:19:42 2024]
Finished job 17.
2 of 9 steps (22%) done
Select jobs to execute...
Execute 1 jobs...

[Wed Mar  6 11:19:42 2024]
Job 13: Trimmig FASTQS
Reason: Missing output files: /home/el_fadwa1997/Results/Trimming/SRR7093895_cutadapt.fastq.gz

[Wed Mar  6 11:27:52 2024]
Finished job 13.
3 of 9 steps (33%) done
Select jobs to execute...
Execute 1 jobs...

[Wed Mar  6 11:27:52 2024]
Job 19:  RUNNING BCALM 
Reason: Input files updated by another job: /home/el_fadwa1997/Results/Trimming/SRR7093895_cutadapt.fastq.gz; Code has changed since last execution

[Wed Mar  6 11:35:20 2024]
Finished job 19.
4 of 9 steps (44%) done
Select jobs to execute...
Execute 1 jobs...

[Wed Mar  6 11:35:20 2024]
Job 12: Trimmig FASTQS
Reason: Missing output files: /home/el_fadwa1997/Results/Trimming/SRR7093894_cutadapt.fastq.gz

[Wed Mar  6 11:44:52 2024]
Finished job 12.
5 of 9 steps (56%) done
Select jobs to execute...
Execute 1 jobs...

[Wed Mar  6 11:44:52 2024]
Job 18:  RUNNING BCALM 
Reason: Input files updated by another job: /home/el_fadwa1997/Results/Trimming/SRR7093894_cutadapt.fastq.gz; Code has changed since last execution

[Wed Mar  6 11:53:17 2024]
Finished job 18.
6 of 9 steps (67%) done
Select jobs to execute...
Execute 1 jobs...

[Wed Mar  6 11:53:17 2024]
localrule files_path:
    input: /home/el_fadwa1997/Results/BCALM/SRR7093892_cutadapt.unitigs.fa, /home/el_fadwa1997/Results/BCALM/SRR7093893_cutadapt.unitigs.fa, /home/el_fadwa1997/Results/BCALM/SRR7093894_cutadapt.unitigs.fa, /home/el_fadwa1997/Results/BCALM/SRR7093895_cutadapt.unitigs.fa
    output: /home/el_fadwa1997/Results/REINDEER/files_path.txt
    jobid: 15
    reason: Input files updated by another job: /home/el_fadwa1997/Results/BCALM/SRR7093895_cutadapt.unitigs.fa, /home/el_fadwa1997/Results/BCALM/SRR7093892_cutadapt.unitigs.fa, /home/el_fadwa1997/Results/BCALM/SRR7093893_cutadapt.unitigs.fa, /home/el_fadwa1997/Results/BCALM/SRR7093894_cutadapt.unitigs.fa
    resources: tmpdir=/tmp

[Wed Mar  6 11:53:19 2024]
Finished job 15.
7 of 9 steps (78%) done
Select jobs to execute...
Execute 1 jobs...

[Wed Mar  6 11:53:19 2024]
Job 14:  RUNNING REINDEER 
Reason: Input files updated by another job: /home/el_fadwa1997/Results/REINDEER/files_path.txt

[Wed Mar  6 11:57:59 2024]
Finished job 14.
8 of 9 steps (89%) done
Select jobs to execute...
Execute 1 jobs...

[Wed Mar  6 11:57:59 2024]
localrule all:
    input: /home/el_fadwa1997/Results/Fastq_Files/SRR7093892.fastq.gz, /home/el_fadwa1997/Results/Fastq_Files/SRR7093893.fastq.gz, /home/el_fadwa1997/Results/Fastq_Files/SRR7093894.fastq.gz, /home/el_fadwa1997/Results/Fastq_Files/SRR7093895.fastq.gz, /home/el_fadwa1997/Results/QC/multiqc_report.html, /home/el_fadwa1997/Results/Trimming/SRR7093892_cutadapt.fastq.gz, /home/el_fadwa1997/Results/Trimming/SRR7093893_cutadapt.fastq.gz, /home/el_fadwa1997/Results/Trimming/SRR7093894_cutadapt.fastq.gz, /home/el_fadwa1997/Results/Trimming/SRR7093895_cutadapt.fastq.gz, /home/el_fadwa1997/Results/REINDEER/index_reindeer/reindeer_index.gz
    jobid: 0
    reason: Input files updated by another job: /home/el_fadwa1997/Results/Trimming/SRR7093895_cutadapt.fastq.gz, /home/el_fadwa1997/Results/REINDEER/index_reindeer/reindeer_index.gz, /home/el_fadwa1997/Results/Trimming/SRR7093894_cutadapt.fastq.gz
    resources: tmpdir=/tmp

[Wed Mar  6 11:57:59 2024]
Finished job 0.
9 of 9 steps (100%) done
Removing temporary output /home/el_fadwa1997/Results/Trimming/SRR7093892_cutadapt.fastq.gz.
Removing temporary output /home/el_fadwa1997/Results/Trimming/SRR7093893_cutadapt.fastq.gz.
Removing temporary output /home/el_fadwa1997/Results/Trimming/SRR7093894_cutadapt.fastq.gz.
Removing temporary output /home/el_fadwa1997/Results/Trimming/SRR7093895_cutadapt.fastq.gz.
Complete log: .snakemake/log/2024-03-06T111013.355689.snakemake.log
