Building DAG of jobs...
Using shell: /usr/bin/bash
Provided cores: 4
Rules claiming more threads will be scaled down.
Job stats:
job               count
--------------  -------
adapt_trimming        2
all                   1
bcalm                 3
files_path            1
reindeer              1
total                 8

Select jobs to execute...
Execute 1 jobs...

[Wed Mar  6 12:43:57 2024]
Job 11: Trimmig FASTQS
Reason: Missing output files: /home/el_fadwa1997/Results/Trimming/SRR7093893_cutadapt.fastq.gz

[Wed Mar  6 12:45:24 2024]
Finished job 11.
1 of 8 steps (12%) done
Select jobs to execute...
Execute 2 jobs...

[Wed Mar  6 12:45:25 2024]
Job 16:  RUNNING BCALM 
Reason: Missing output files: /home/el_fadwa1997/Results/BCALM/SRR7093892_cutadapt.unitigs.fa; Updated input files: /home/el_fadwa1997/Results/Trimming/SRR7093892_cutadapt.fastq.gz


[Wed Mar  6 12:45:25 2024]
Job 17:  RUNNING BCALM 
Reason: Input files updated by another job: /home/el_fadwa1997/Results/Trimming/SRR7093893_cutadapt.fastq.gz

[Wed Mar  6 12:54:26 2024]
Finished job 17.
2 of 8 steps (25%) done
Select jobs to execute...
[Wed Mar  6 12:56:50 2024]
Finished job 16.
3 of 8 steps (38%) done
Execute 1 jobs...

[Wed Mar  6 12:56:50 2024]
Job 12: Trimmig FASTQS
Reason: Missing output files: /home/el_fadwa1997/Results/Trimming/SRR7093894_cutadapt.fastq.gz

[Wed Mar  6 13:03:33 2024]
Finished job 12.
4 of 8 steps (50%) done
Select jobs to execute...
Execute 1 jobs...

[Wed Mar  6 13:03:33 2024]
Job 18:  RUNNING BCALM 
Reason: Input files updated by another job: /home/el_fadwa1997/Results/Trimming/SRR7093894_cutadapt.fastq.gz

[Wed Mar  6 13:11:51 2024]
Finished job 18.
5 of 8 steps (62%) done
Select jobs to execute...
Execute 1 jobs...

[Wed Mar  6 13:11:51 2024]
localrule files_path:
    input: /home/el_fadwa1997/Results/BCALM/SRR7093892_cutadapt.unitigs.fa, /home/el_fadwa1997/Results/BCALM/SRR7093893_cutadapt.unitigs.fa, /home/el_fadwa1997/Results/BCALM/SRR7093894_cutadapt.unitigs.fa, /home/el_fadwa1997/Results/BCALM/SRR7093895_cutadapt.unitigs.fa
    output: /home/el_fadwa1997/Results/REINDEER/files_path.txt
    jobid: 15
    reason: Input files updated by another job: /home/el_fadwa1997/Results/BCALM/SRR7093892_cutadapt.unitigs.fa, /home/el_fadwa1997/Results/BCALM/SRR7093893_cutadapt.unitigs.fa, /home/el_fadwa1997/Results/BCALM/SRR7093894_cutadapt.unitigs.fa
    resources: tmpdir=/tmp

[Wed Mar  6 13:11:54 2024]
Finished job 15.
6 of 8 steps (75%) done
Select jobs to execute...
Execute 1 jobs...

[Wed Mar  6 13:11:54 2024]
Job 14:  RUNNING REINDEER 
Reason: Input files updated by another job: /home/el_fadwa1997/Results/REINDEER/files_path.txt

[Wed Mar  6 13:16:31 2024]
Finished job 14.
7 of 8 steps (88%) done
Select jobs to execute...
Execute 1 jobs...

[Wed Mar  6 13:16:31 2024]
localrule all:
    input: /home/el_fadwa1997/Results/Fastq_Files/SRR7093892.fastq.gz, /home/el_fadwa1997/Results/Fastq_Files/SRR7093893.fastq.gz, /home/el_fadwa1997/Results/Fastq_Files/SRR7093894.fastq.gz, /home/el_fadwa1997/Results/Fastq_Files/SRR7093895.fastq.gz, /home/el_fadwa1997/Results/QC/multiqc_report.html, /home/el_fadwa1997/Results/Trimming/SRR7093892_cutadapt.fastq.gz, /home/el_fadwa1997/Results/Trimming/SRR7093893_cutadapt.fastq.gz, /home/el_fadwa1997/Results/Trimming/SRR7093894_cutadapt.fastq.gz, /home/el_fadwa1997/Results/Trimming/SRR7093895_cutadapt.fastq.gz, /home/el_fadwa1997/Results/REINDEER/index_reindeer/reindeer_index.gz
    jobid: 0
    reason: Input files updated by another job: /home/el_fadwa1997/Results/Trimming/SRR7093894_cutadapt.fastq.gz, /home/el_fadwa1997/Results/REINDEER/index_reindeer/reindeer_index.gz, /home/el_fadwa1997/Results/Trimming/SRR7093893_cutadapt.fastq.gz
    resources: tmpdir=/tmp

[Wed Mar  6 13:16:31 2024]
Finished job 0.
8 of 8 steps (100%) done
Removing temporary output /home/el_fadwa1997/Results/Trimming/SRR7093892_cutadapt.fastq.gz.
Removing temporary output /home/el_fadwa1997/Results/Trimming/SRR7093893_cutadapt.fastq.gz.
Removing temporary output /home/el_fadwa1997/Results/Trimming/SRR7093894_cutadapt.fastq.gz.
Removing temporary output /home/el_fadwa1997/Results/Trimming/SRR7093895_cutadapt.fastq.gz.
Complete log: .snakemake/log/2024-03-06T124356.189616.snakemake.log
