Building DAG of jobs...
Using shell: /usr/bin/bash
Provided cores: 1 (use --cores to define parallelism)
Rules claiming more threads will be scaled down.
Job stats:
job                 count
----------------  -------
adapt_trimming          4
all                     1
bcalm                   4
compressed_bcalm        4
files_path              1
reindeer                1
total                  15

Select jobs to execute...
Execute 1 jobs...

[Wed Mar  6 12:11:45 2024]
Job 10: Trimmig FASTQS
Reason: Missing output files: /home/el_fadwa1997/Results/Trimming/SRR7093892_cutadapt.fastq.gz

Terminating processes on user request, this might take some time.
[Wed Mar  6 12:11:52 2024]
Error in rule adapt_trimming:
    jobid: 10
    input: /home/el_fadwa1997/Results/Fastq_Files/SRR7093892.fastq.gz
    output: /home/el_fadwa1997/Results/Trimming/SRR7093892_cutadapt.fastq.gz
    log: /home/el_fadwa1997/Results/Supplementary_Data/Logs/SRR7093892_cutadapt.log (check log file(s) for error details)
    shell:
        
        set +eu &&
        . $(conda info --base)/etc/profile.d/conda.sh &&
        conda activate cutadapt &&
        cutadapt         -j 1 -q 20 -m 20 --cores 1 -o /home/el_fadwa1997/Results/Trimming/SRR7093892_cutadapt.fastq.gz         -a AGATCGGAAGAGCACACGTCTGAACTCCAGTCA /home/el_fadwa1997/Results/Fastq_Files/SRR7093892.fastq.gz  > /home/el_fadwa1997/Results/Supplementary_Data/Logs/SRR7093892_cutadapt.log 2>&1 
        
        (one of the commands exited with non-zero exit code; note that snakemake uses bash strict mode!)

Complete log: .snakemake/log/2024-03-06T121145.615977.snakemake.log
WorkflowError:
At least one job did not complete successfully.
