Building DAG of jobs...
Using shell: /usr/bin/bash
Provided cores: 2
Rules claiming more threads will be scaled down.
Job stats:
job               count
--------------  -------
adapt_trimming        3
all                   1
bcalm                 3
fetch_fastq           2
files_path            1
make_fastqc           4
multi_fastqc          1
path_trimmed          3
reads_count           1
reindeer              1
total                20

Select jobs to execute...
Execute 1 jobs...

[Wed Mar 13 13:53:05 2024]
Job 11: Trimmig FASTQS
Reason: Missing output files: /home/el_fadwa1997/Results/Trimming/SRR28293179/SRR28293179_1_cutadapt.fastq.gz, /home/el_fadwa1997/Results/Trimming/SRR28293179/SRR28293179_2_cutadapt.fastq.gz; Updated input files: /home/el_fadwa1997/Results/Fastq_Files/SRR28293179_2.fastq.gz, /home/el_fadwa1997/Results/Fastq_Files/SRR28293179_1.fastq.gz

[Wed Mar 13 13:53:06 2024]
Error in rule adapt_trimming:
    jobid: 11
    input: /home/el_fadwa1997/Results/Fastq_Files/SRR28293179_1.fastq.gz, /home/el_fadwa1997/Results/Fastq_Files/SRR28293179_2.fastq.gz
    output: /home/el_fadwa1997/Results/Trimming/SRR28293179/SRR28293179_1_cutadapt.fastq.gz, /home/el_fadwa1997/Results/Trimming/SRR28293179/SRR28293179_2_cutadapt.fastq.gz
    log: /home/el_fadwa1997/Results/Supplementary_Data/Logs/Trimming/SRR28293179_cutadapt.log (check log file(s) for error details)
    shell:
        
                      set +eu &&
                      . $(conda info --base)/etc/profile.d/conda.sh &&
                      conda activate cutadapt &&
                      cutadapt                       -j 8 -q 20 -m 20 --cores 2 -o /home/el_fadwa1997/Results/Trimming/SRR28293179/SRR28293179_1_cutadapt.fastq.gz -p /home/el_fadwa1997/Results/Trimming/SRR28293179/SRR28293179_2_cutadapt.fastq.gz -a config["ADAPTER_R1"] -A config["ADAPTER_R2"]                       /home/el_fadwa1997/Results/Fastq_Files/SRR28293179_1.fastq.gz /home/el_fadwa1997/Results/Fastq_Files/SRR28293179_2.fastq.gz  > /home/el_fadwa1997/Results/Supplementary_Data/Logs/Trimming/SRR28293179_cutadapt.log 2>&1
                      
        (one of the commands exited with non-zero exit code; note that snakemake uses bash strict mode!)

Shutting down, this might take some time.
Exiting because a job execution failed. Look above for error message
Complete log: .snakemake/log/2024-03-13T135304.698489.snakemake.log
WorkflowError:
At least one job did not complete successfully.
