Building DAG of jobs...
Using shell: /usr/bin/bash
Provided cores: 8
Rules claiming more threads will be scaled down.
Job stats:
job             count
------------  -------
all                 1
make_fastqc         4
multi_fastqc        1
reindeer            1
total               7

Select jobs to execute...
Execute 5 jobs...

[Wed Mar  6 09:07:21 2024]
localrule make_fastqc:
    input: /home/el_fadwa1997/Results/Fastq_Files/SRR7093895.fastq.gz
    output: /home/el_fadwa1997/Results/QC/SRR7093895/SRR7093895_fastqc.zip, /home/el_fadwa1997/Results/QC/SRR7093895/SRR7093895_fastqc.html
    log: /home/el_fadwa1997/Results/QC/SRR7093895.log
    jobid: 9
    benchmark: /home/el_fadwa1997/Results/QC/SRR7093895_benchmark.txt
    reason: Missing output files: /home/el_fadwa1997/Results/QC/SRR7093895/SRR7093895_fastqc.html
    wildcards: sra=SRR7093895
    resources: tmpdir=/tmp


[Wed Mar  6 09:07:21 2024]
localrule make_fastqc:
    input: /home/el_fadwa1997/Results/Fastq_Files/SRR7093893.fastq.gz
    output: /home/el_fadwa1997/Results/QC/SRR7093893/SRR7093893_fastqc.zip, /home/el_fadwa1997/Results/QC/SRR7093893/SRR7093893_fastqc.html
    log: /home/el_fadwa1997/Results/QC/SRR7093893.log
    jobid: 7
    benchmark: /home/el_fadwa1997/Results/QC/SRR7093893_benchmark.txt
    reason: Missing output files: /home/el_fadwa1997/Results/QC/SRR7093893/SRR7093893_fastqc.html
    wildcards: sra=SRR7093893
    resources: tmpdir=/tmp


[Wed Mar  6 09:07:21 2024]
Job 14:  RUNNING REINDEER 
Reason: Missing output files: /home/el_fadwa1997/Results/REINDEER/index_reindeer/reindeer_index.gz


[Wed Mar  6 09:07:21 2024]
localrule make_fastqc:
    input: /home/el_fadwa1997/Results/Fastq_Files/SRR7093894.fastq.gz
    output: /home/el_fadwa1997/Results/QC/SRR7093894/SRR7093894_fastqc.zip, /home/el_fadwa1997/Results/QC/SRR7093894/SRR7093894_fastqc.html
    log: /home/el_fadwa1997/Results/QC/SRR7093894.log
    jobid: 8
    benchmark: /home/el_fadwa1997/Results/QC/SRR7093894_benchmark.txt
    reason: Missing output files: /home/el_fadwa1997/Results/QC/SRR7093894/SRR7093894_fastqc.html
    wildcards: sra=SRR7093894
    resources: tmpdir=/tmp


[Wed Mar  6 09:07:21 2024]
localrule make_fastqc:
    input: /home/el_fadwa1997/Results/Fastq_Files/SRR7093892.fastq.gz
    output: /home/el_fadwa1997/Results/QC/SRR7093892/SRR7093892_fastqc.zip, /home/el_fadwa1997/Results/QC/SRR7093892/SRR7093892_fastqc.html
    log: /home/el_fadwa1997/Results/QC/SRR7093892.log
    jobid: 6
    benchmark: /home/el_fadwa1997/Results/QC/SRR7093892_benchmark.txt
    reason: Missing output files: /home/el_fadwa1997/Results/QC/SRR7093892/SRR7093892_fastqc.html
    wildcards: sra=SRR7093892
    resources: tmpdir=/tmp

[Wed Mar  6 09:07:21 2024]
Error in rule make_fastqc:
    jobid: 6
    input: /home/el_fadwa1997/Results/Fastq_Files/SRR7093892.fastq.gz
    output: /home/el_fadwa1997/Results/QC/SRR7093892/SRR7093892_fastqc.zip, /home/el_fadwa1997/Results/QC/SRR7093892/SRR7093892_fastqc.html
    log: /home/el_fadwa1997/Results/QC/SRR7093892.log (check log file(s) for error details)
    shell:
        
	 fastqc /home/el_fadwa1997/Results/Fastq_Files/SRR7093892.fastq.gz --outdir /home/el_fadwa1997/Results/QC/SRR7093892 2> /home/el_fadwa1997/Results/QC/SRR7093892.log 
	
        (one of the commands exited with non-zero exit code; note that snakemake uses bash strict mode!)

[Wed Mar  6 09:07:21 2024]
Error in rule make_fastqc:
    jobid: 8
    input: /home/el_fadwa1997/Results/Fastq_Files/SRR7093894.fastq.gz
    output: /home/el_fadwa1997/Results/QC/SRR7093894/SRR7093894_fastqc.zip, /home/el_fadwa1997/Results/QC/SRR7093894/SRR7093894_fastqc.html
    log: /home/el_fadwa1997/Results/QC/SRR7093894.log (check log file(s) for error details)
    shell:
        
	 fastqc /home/el_fadwa1997/Results/Fastq_Files/SRR7093894.fastq.gz --outdir /home/el_fadwa1997/Results/QC/SRR7093894 2> /home/el_fadwa1997/Results/QC/SRR7093894.log 
	
        (one of the commands exited with non-zero exit code; note that snakemake uses bash strict mode!)

[Wed Mar  6 09:07:21 2024]
Error in rule make_fastqc:
    jobid: 7
    input: /home/el_fadwa1997/Results/Fastq_Files/SRR7093893.fastq.gz
    output: /home/el_fadwa1997/Results/QC/SRR7093893/SRR7093893_fastqc.zip, /home/el_fadwa1997/Results/QC/SRR7093893/SRR7093893_fastqc.html
    log: /home/el_fadwa1997/Results/QC/SRR7093893.log (check log file(s) for error details)
    shell:
        
	 fastqc /home/el_fadwa1997/Results/Fastq_Files/SRR7093893.fastq.gz --outdir /home/el_fadwa1997/Results/QC/SRR7093893 2> /home/el_fadwa1997/Results/QC/SRR7093893.log 
	
        (one of the commands exited with non-zero exit code; note that snakemake uses bash strict mode!)

[Wed Mar  6 09:07:21 2024]
Error in rule make_fastqc:
    jobid: 9
    input: /home/el_fadwa1997/Results/Fastq_Files/SRR7093895.fastq.gz
    output: /home/el_fadwa1997/Results/QC/SRR7093895/SRR7093895_fastqc.zip, /home/el_fadwa1997/Results/QC/SRR7093895/SRR7093895_fastqc.html
    log: /home/el_fadwa1997/Results/QC/SRR7093895.log (check log file(s) for error details)
    shell:
        
	 fastqc /home/el_fadwa1997/Results/Fastq_Files/SRR7093895.fastq.gz --outdir /home/el_fadwa1997/Results/QC/SRR7093895 2> /home/el_fadwa1997/Results/QC/SRR7093895.log 
	
        (one of the commands exited with non-zero exit code; note that snakemake uses bash strict mode!)

Terminating processes on user request, this might take some time.
[Wed Mar  6 09:07:26 2024]
Error in rule reindeer:
    jobid: 14
    input: /home/el_fadwa1997/Results/REINDEER/files_path.txt
    output: /home/el_fadwa1997/Results/REINDEER/index_reindeer/reindeer_index.gz
    log: /home/el_fadwa1997/Results/Supplementary_Data/Logs/reindeer.txt (check log file(s) for error details)
    shell:
        set +eu && . $(conda info --base)/etc/profile.d/conda.sh ; conda activate bcalm ;~/REINDEER/Reindeer --index -f /home/el_fadwa1997/Results/REINDEER/files_path.txt -o /home/el_fadwa1997/Results/REINDEER/index_reindeer > /home/el_fadwa1997/Results/Supplementary_Data/Logs/reindeer.txt 2>&1
        (one of the commands exited with non-zero exit code; note that snakemake uses bash strict mode!)

Complete log: .snakemake/log/2024-03-06T090720.146666.snakemake.log
WorkflowError:
At least one job did not complete successfully.
