Building DAG of jobs...
Using shell: /usr/bin/bash
Provided cores: 2
Rules claiming more threads will be scaled down.
Job stats:
job             count
------------  -------
all                 1
multi_fastqc        1
reindeer            1
total               3

Select jobs to execute...
Execute 2 jobs...

[Tue Mar  5 15:05:22 2024]
Job 10:  RUNNING REINDEER 
Reason: Missing output files: /home/el_fadwa1997/Results/REINDEER/index_reindeer/reindeer_index.gz


[Tue Mar  5 15:05:22 2024]
localrule multi_fastqc:
    input: /home/el_fadwa1997/Results/Fastq_Files/SRR7093892.fastq.gz, /home/el_fadwa1997/Results/Fastq_Files/SRR7093893.fastq.gz, /home/el_fadwa1997/Results/Fastq_Files/SRR7093894.fastq.gz, /home/el_fadwa1997/Results/Fastq_Files/SRR7093895.fastq.gz
    output: /home/el_fadwa1997/Results/QC/multiqc_report.html
    log: /home/el_fadwa1997/Results/Supplementary_Data/Logs/multifastqc/multifastqc.txt
    jobid: 5
    reason: Missing output files: /home/el_fadwa1997/Results/QC/multiqc_report.html
    resources: tmpdir=/tmp

Waiting at most 5 seconds for missing files.
MissingOutputException in rule multi_fastqc in file /home/el_fadwa1997/GCP/rules/multiqc.smk, line 1:
Job 5  completed successfully, but some output files are missing. Missing files after 5 seconds. This might be due to filesystem latency. If that is the case, consider to increase the wait time with --latency-wait:
/home/el_fadwa1997/Results/QC/multiqc_report.html
Terminating processes on user request, this might take some time.
[Tue Mar  5 15:05:46 2024]
Error in rule reindeer:
    jobid: 10
    input: /home/el_fadwa1997/Results/REINDEER/files_path.txt
    output: /home/el_fadwa1997/Results/REINDEER/index_reindeer/reindeer_index.gz
    log: /home/el_fadwa1997/Results/Supplementary_Data/Logs/reindeer.txt (check log file(s) for error details)
    shell:
        set +eu && . $(conda info --base)/etc/profile.d/conda.sh ; conda activate bcalm ;~/REINDEER/Reindeer --index -f /home/el_fadwa1997/Results/REINDEER/files_path.txt -o /home/el_fadwa1997/Results/REINDEER/index_reindeer > /home/el_fadwa1997/Results/Supplementary_Data/Logs/reindeer.txt 2>&1
        (one of the commands exited with non-zero exit code; note that snakemake uses bash strict mode!)

Complete log: .snakemake/log/2024-03-05T150521.627956.snakemake.log
WorkflowError:
At least one job did not complete successfully.
