Building DAG of jobs...
Using shell: /usr/bin/bash
Provided cores: 5
Rules claiming more threads will be scaled down.
Job stats:
job               count
--------------  -------
adapt_trimming        4
all                   1
total                 5

Select jobs to execute...
Execute 1 jobs...

[Tue Mar 12 11:00:36 2024]
Job 8: Trimmig FASTQS
Reason: Missing output files: /home/el_fadwa1997/Results/Trimming/SRR866828_1_cutadapt.fastq.gz

[Tue Mar 12 11:00:38 2024]
Finished job 8.
1 of 5 steps (20%) done
Select jobs to execute...
Execute 1 jobs...

[Tue Mar 12 11:00:39 2024]
Job 11: Trimmig FASTQS
Reason: Missing output files: /home/el_fadwa1997/Results/Trimming/SRR866826_2_cutadapt.fastq.gz

[Tue Mar 12 11:00:41 2024]
Finished job 11.
2 of 5 steps (40%) done
Select jobs to execute...
Execute 1 jobs...

[Tue Mar 12 11:00:41 2024]
Job 9: Trimmig FASTQS
Reason: Missing output files: /home/el_fadwa1997/Results/Trimming/SRR866828_2_cutadapt.fastq.gz

[Tue Mar 12 11:00:43 2024]
Finished job 9.
3 of 5 steps (60%) done
Select jobs to execute...
Execute 1 jobs...

[Tue Mar 12 11:00:43 2024]
Job 10: Trimmig FASTQS
Reason: Missing output files: /home/el_fadwa1997/Results/Trimming/SRR866826_1_cutadapt.fastq.gz

[Tue Mar 12 11:00:46 2024]
Finished job 10.
4 of 5 steps (80%) done
Select jobs to execute...
Execute 1 jobs...

[Tue Mar 12 11:00:46 2024]
localrule all:
    input: /home/el_fadwa1997/Results/Fastq_Files/SRR866828_1.fastq.gz, /home/el_fadwa1997/Results/Fastq_Files/SRR866826_1.fastq.gz, /home/el_fadwa1997/Results/Fastq_Files/SRR866828_2.fastq.gz, /home/el_fadwa1997/Results/Fastq_Files/SRR866826_2.fastq.gz, /home/el_fadwa1997/Results/QC/multiqc_report.html, /home/el_fadwa1997/Results/Trimming/SRR866828_1_cutadapt.fastq.gz, /home/el_fadwa1997/Results/Trimming/SRR866828_2_cutadapt.fastq.gz, /home/el_fadwa1997/Results/Trimming/SRR866826_1_cutadapt.fastq.gz, /home/el_fadwa1997/Results/Trimming/SRR866826_2_cutadapt.fastq.gz
    jobid: 0
    reason: Input files updated by another job: /home/el_fadwa1997/Results/Trimming/SRR866828_1_cutadapt.fastq.gz, /home/el_fadwa1997/Results/Trimming/SRR866826_2_cutadapt.fastq.gz, /home/el_fadwa1997/Results/Trimming/SRR866826_1_cutadapt.fastq.gz, /home/el_fadwa1997/Results/Trimming/SRR866828_2_cutadapt.fastq.gz
    resources: tmpdir=/tmp

[Tue Mar 12 11:00:46 2024]
Finished job 0.
5 of 5 steps (100%) done
Complete log: .snakemake/log/2024-03-12T110035.653944.snakemake.log
