Building DAG of jobs...
Using shell: /usr/bin/bash
Provided cores: 4
Rules claiming more threads will be scaled down.
Job stats:
job               count
--------------  -------
adapt_trimming        2
all                   1
bcalm                 2
fetch_fastq           2
files_path            1
make_fastqc           2
multi_fastqc          1
reads_count           1
reindeer              1
total                13

Select jobs to execute...
Execute 1 jobs...

[Wed Mar 13 09:03:15 2024]
Job 2: fetch fastq from NCBI
Reason: Missing output files: /home/el_fadwa1997/Results/Fastq_Files/ERR12022224.fastq.gz

[Wed Mar 13 09:03:58 2024]
Finished job 2.
1 of 13 steps (8%) done
Select jobs to execute...
Execute 1 jobs...

[Wed Mar 13 09:03:58 2024]
Job 7: Trimmig FASTQS
Reason: Missing output files: /home/el_fadwa1997/Results/Trimming/ERR12022224_cutadapt.fastq.gz; Input files updated by another job: /home/el_fadwa1997/Results/Fastq_Files/ERR12022224.fastq.gz

[Wed Mar 13 09:04:19 2024]
Finished job 7.
2 of 13 steps (15%) done
Select jobs to execute...
Execute 1 jobs...

[Wed Mar 13 09:04:19 2024]
Job 11:  RUNNING BCALM 
Reason: Missing output files: /home/el_fadwa1997/Results/BCALM/ERR12022224_cutadapt.unitigs.fa; Input files updated by another job: /home/el_fadwa1997/Results/Trimming/ERR12022224_cutadapt.fastq.gz

[Wed Mar 13 09:05:06 2024]
Finished job 11.
3 of 13 steps (23%) done
Select jobs to execute...
Execute 1 jobs...

[Wed Mar 13 09:05:06 2024]
Job 1: fetch fastq from NCBI
Reason: Missing output files: /home/el_fadwa1997/Results/Fastq_Files/ERR12022339.fastq.gz

[Wed Mar 13 09:06:17 2024]
Finished job 1.
4 of 13 steps (31%) done
Select jobs to execute...
Execute 1 jobs...

[Wed Mar 13 09:06:17 2024]
Job 6: Trimmig FASTQS
Reason: Missing output files: /home/el_fadwa1997/Results/Trimming/ERR12022339_cutadapt.fastq.gz; Input files updated by another job: /home/el_fadwa1997/Results/Fastq_Files/ERR12022339.fastq.gz

[Wed Mar 13 09:07:06 2024]
Finished job 6.
5 of 13 steps (38%) done
Select jobs to execute...
Execute 1 jobs...

[Wed Mar 13 09:07:06 2024]
Job 10:  RUNNING BCALM 
Reason: Missing output files: /home/el_fadwa1997/Results/BCALM/ERR12022339_cutadapt.unitigs.fa; Input files updated by another job: /home/el_fadwa1997/Results/Trimming/ERR12022339_cutadapt.fastq.gz

[Wed Mar 13 09:08:42 2024]
Finished job 10.
6 of 13 steps (46%) done
Select jobs to execute...
Execute 4 jobs...

[Wed Mar 13 09:08:42 2024]
localrule reads_count:
    input: /home/el_fadwa1997/Results/Trimming/ERR12022339_cutadapt.fastq.gz, /home/el_fadwa1997/Results/Trimming/ERR12022224_cutadapt.fastq.gz
    output: /home/el_fadwa1997/Results/Statistics/statistics.txt
    jobid: 12
    reason: Missing output files: /home/el_fadwa1997/Results/Statistics/statistics.txt; Input files updated by another job: /home/el_fadwa1997/Results/Trimming/ERR12022224_cutadapt.fastq.gz, /home/el_fadwa1997/Results/Trimming/ERR12022339_cutadapt.fastq.gz
    resources: tmpdir=/tmp


[Wed Mar 13 09:08:42 2024]
localrule make_fastqc:
    input: /home/el_fadwa1997/Results/Fastq_Files/ERR12022224.fastq.gz
    output: /home/el_fadwa1997/Results/QC/ERR12022224/ERR12022224_fastqc.zip, /home/el_fadwa1997/Results/QC/ERR12022224/ERR12022224_fastqc.html
    log: /home/el_fadwa1997/Results/Supplementary_Data/Logs/QC/ERR12022224_fastqc.log
    jobid: 5
    benchmark: /home/el_fadwa1997/Results/Supplementary_Data/Benchmark/QC/ERR12022224_fastqc.txt
    reason: Missing output files: /home/el_fadwa1997/Results/QC/ERR12022224/ERR12022224_fastqc.zip; Input files updated by another job: /home/el_fadwa1997/Results/Fastq_Files/ERR12022224.fastq.gz
    wildcards: sra=ERR12022224
    resources: tmpdir=/tmp


[Wed Mar 13 09:08:42 2024]
localrule files_path:
    input: /home/el_fadwa1997/Results/BCALM/ERR12022339_cutadapt.unitigs.fa, /home/el_fadwa1997/Results/BCALM/ERR12022224_cutadapt.unitigs.fa
    output: /home/el_fadwa1997/Results/REINDEER/files_path.txt
    jobid: 9
    reason: Missing output files: /home/el_fadwa1997/Results/REINDEER/files_path.txt; Input files updated by another job: /home/el_fadwa1997/Results/BCALM/ERR12022224_cutadapt.unitigs.fa, /home/el_fadwa1997/Results/BCALM/ERR12022339_cutadapt.unitigs.fa
    resources: tmpdir=/tmp


[Wed Mar 13 09:08:42 2024]
localrule make_fastqc:
    input: /home/el_fadwa1997/Results/Fastq_Files/ERR12022339.fastq.gz
    output: /home/el_fadwa1997/Results/QC/ERR12022339/ERR12022339_fastqc.zip, /home/el_fadwa1997/Results/QC/ERR12022339/ERR12022339_fastqc.html
    log: /home/el_fadwa1997/Results/Supplementary_Data/Logs/QC/ERR12022339_fastqc.log
    jobid: 4
    benchmark: /home/el_fadwa1997/Results/Supplementary_Data/Benchmark/QC/ERR12022339_fastqc.txt
    reason: Missing output files: /home/el_fadwa1997/Results/QC/ERR12022339/ERR12022339_fastqc.zip; Input files updated by another job: /home/el_fadwa1997/Results/Fastq_Files/ERR12022339.fastq.gz
    wildcards: sra=ERR12022339
    resources: tmpdir=/tmp

[Wed Mar 13 09:08:42 2024]
Finished job 12.
7 of 13 steps (54%) done
[Wed Mar 13 09:08:49 2024]
Finished job 9.
8 of 13 steps (62%) done
Select jobs to execute...
Execute 1 jobs...

[Wed Mar 13 09:08:49 2024]
Job 8:  RUNNING REINDEER 
Reason: Missing output files: /home/el_fadwa1997/Results/REINDEER/index_reindeer/reindeer_index.gz; Input files updated by another job: /home/el_fadwa1997/Results/REINDEER/files_path.txt

[Wed Mar 13 09:10:06 2024]
Finished job 5.
9 of 13 steps (69%) done
Removing temporary output /home/el_fadwa1997/Results/QC/ERR12022224/ERR12022224_fastqc.html.
[Wed Mar 13 09:10:09 2024]
Finished job 4.
10 of 13 steps (77%) done
Removing temporary output /home/el_fadwa1997/Results/QC/ERR12022339/ERR12022339_fastqc.html.
Select jobs to execute...
Execute 1 jobs...

[Wed Mar 13 09:10:09 2024]
localrule multi_fastqc:
    input: /home/el_fadwa1997/Results/QC/ERR12022339/ERR12022339_fastqc.zip, /home/el_fadwa1997/Results/QC/ERR12022224/ERR12022224_fastqc.zip
    output: /home/el_fadwa1997/Results/QC/multiqc_report.html
    log: /home/el_fadwa1997/Results/Supplementary_Data/Logs/QC/multifastqc.txt
    jobid: 3
    benchmark: /home/el_fadwa1997/Results/Supplementary_Data/Benchmark/QC/multifastqc.txt
    reason: Missing output files: /home/el_fadwa1997/Results/QC/multiqc_report.html; Input files updated by another job: /home/el_fadwa1997/Results/QC/ERR12022339/ERR12022339_fastqc.zip, /home/el_fadwa1997/Results/QC/ERR12022224/ERR12022224_fastqc.zip
    resources: tmpdir=/tmp

[Wed Mar 13 09:10:22 2024]
Finished job 3.
11 of 13 steps (85%) done
Removing temporary output /home/el_fadwa1997/Results/QC/ERR12022339/ERR12022339_fastqc.zip.
Removing temporary output /home/el_fadwa1997/Results/QC/ERR12022224/ERR12022224_fastqc.zip.
[Wed Mar 13 09:10:32 2024]
Finished job 8.
12 of 13 steps (92%) done
Select jobs to execute...
Execute 1 jobs...

[Wed Mar 13 09:10:32 2024]
localrule all:
    input: /home/el_fadwa1997/Results/Fastq_Files/ERR12022339.fastq.gz, /home/el_fadwa1997/Results/Fastq_Files/ERR12022224.fastq.gz, /home/el_fadwa1997/Results/QC/multiqc_report.html, /home/el_fadwa1997/Results/Trimming/ERR12022339_cutadapt.fastq.gz, /home/el_fadwa1997/Results/Trimming/ERR12022224_cutadapt.fastq.gz, /home/el_fadwa1997/Results/REINDEER/index_reindeer/reindeer_index.gz, /home/el_fadwa1997/Results/Statistics/statistics.txt
    jobid: 0
    reason: Input files updated by another job: /home/el_fadwa1997/Results/Trimming/ERR12022224_cutadapt.fastq.gz, /home/el_fadwa1997/Results/QC/multiqc_report.html, /home/el_fadwa1997/Results/Trimming/ERR12022339_cutadapt.fastq.gz, /home/el_fadwa1997/Results/Fastq_Files/ERR12022224.fastq.gz, /home/el_fadwa1997/Results/Fastq_Files/ERR12022339.fastq.gz, /home/el_fadwa1997/Results/Statistics/statistics.txt, /home/el_fadwa1997/Results/REINDEER/index_reindeer/reindeer_index.gz
    resources: tmpdir=/tmp

[Wed Mar 13 09:10:32 2024]
Finished job 0.
13 of 13 steps (100%) done
Removing temporary output /home/el_fadwa1997/Results/Fastq_Files/ERR12022339.fastq.gz.
Removing temporary output /home/el_fadwa1997/Results/Fastq_Files/ERR12022224.fastq.gz.
Removing temporary output /home/el_fadwa1997/Results/Trimming/ERR12022339_cutadapt.fastq.gz.
Removing temporary output /home/el_fadwa1997/Results/Trimming/ERR12022224_cutadapt.fastq.gz.
Complete log: .snakemake/log/2024-03-13T090314.323330.snakemake.log
