Building DAG of jobs...
Using shell: /usr/bin/bash
Provided cores: 8
Rules claiming more threads will be scaled down.
Job stats:
job         count
--------  -------
all             1
reindeer        1
total           2

Select jobs to execute...
Execute 1 jobs...

[Fri Mar  8 13:16:38 2024]
Job 1:  RUNNING REINDEER 
Reason: Code has changed since last execution

[Fri Mar  8 13:16:39 2024]
Error in rule reindeer:
    jobid: 1
    input: /home/el_fadwa1997/Results/REINDEER/files_path.txt
    output: /home/el_fadwa1997/Results/REINDEER/index_reindeer/reindeer_index.gz
    log: /home/el_fadwa1997/Results/Supplementary_Data/Logs/reindeer.txt (check log file(s) for error details)
    shell:
        set +eu && . $(conda info --base)/etc/profile.d/conda.sh ; conda activate bcalm ;~/REINDEER/Reindeer --index --disk-query -f /home/el_fadwa1997/Results/REINDEER/files_path.txt -o /home/el_fadwa1997/Results/REINDEER/index_reindeer > /home/el_fadwa1997/Results/Supplementary_Data/Logs/reindeer.txt 2>&1 ;
        (one of the commands exited with non-zero exit code; note that snakemake uses bash strict mode!)

Shutting down, this might take some time.
Exiting because a job execution failed. Look above for error message
Complete log: .snakemake/log/2024-03-08T131638.077595.snakemake.log
WorkflowError:
At least one job did not complete successfully.
