Building DAG of jobs...
Using shell: /usr/bin/bash
Provided cores: 4
Rules claiming more threads will be scaled down.
Job stats:
job               count
--------------  -------
adapt_trimming        2
all                   1
bcalm                 2
fetch_fastq           2
files_path            1
make_fastqc           2
multi_fastqc          1
reads_count           1
reindeer              1
total                13

Select jobs to execute...
Execute 1 jobs...

[Tue Mar 12 21:37:16 2024]
Job 2: fetch fastq from NCBI
Reason: Missing output files: /home/el_fadwa1997/Results/Fastq_Files/ERR12022224.fastq.gz

[Tue Mar 12 21:37:55 2024]
Finished job 2.
1 of 13 steps (8%) done
Select jobs to execute...
Execute 1 jobs...

[Tue Mar 12 21:37:55 2024]
Job 7: Trimmig FASTQS
Reason: Missing output files: /home/el_fadwa1997/Results/Trimming/ERR12022224_cutadapt.fastq.gz; Input files updated by another job: /home/el_fadwa1997/Results/Fastq_Files/ERR12022224.fastq.gz

[Tue Mar 12 21:38:15 2024]
Finished job 7.
2 of 13 steps (15%) done
Select jobs to execute...
Execute 1 jobs...

[Tue Mar 12 21:38:15 2024]
Job 11:  RUNNING BCALM 
Reason: Input files updated by another job: /home/el_fadwa1997/Results/Trimming/ERR12022224_cutadapt.fastq.gz

[Tue Mar 12 21:38:50 2024]
Finished job 11.
3 of 13 steps (23%) done
Select jobs to execute...
Execute 1 jobs...

[Tue Mar 12 21:38:50 2024]
Job 1: fetch fastq from NCBI
Reason: Missing output files: /home/el_fadwa1997/Results/Fastq_Files/ERR12022339.fastq.gz

[Tue Mar 12 21:39:51 2024]
Finished job 1.
4 of 13 steps (31%) done
Select jobs to execute...
Execute 1 jobs...

[Tue Mar 12 21:39:51 2024]
Job 6: Trimmig FASTQS
Reason: Missing output files: /home/el_fadwa1997/Results/Trimming/ERR12022339_cutadapt.fastq.gz; Input files updated by another job: /home/el_fadwa1997/Results/Fastq_Files/ERR12022339.fastq.gz

[Tue Mar 12 21:40:39 2024]
Finished job 6.
5 of 13 steps (38%) done
Select jobs to execute...
Execute 1 jobs...

[Tue Mar 12 21:40:39 2024]
Job 10:  RUNNING BCALM 
Reason: Input files updated by another job: /home/el_fadwa1997/Results/Trimming/ERR12022339_cutadapt.fastq.gz

[Tue Mar 12 21:42:09 2024]
Finished job 10.
6 of 13 steps (46%) done
Select jobs to execute...
Execute 4 jobs...

[Tue Mar 12 21:42:09 2024]
localrule files_path:
    input: /home/el_fadwa1997/Results/BCALM/ERR12022339_cutadapt.unitigs.fa, /home/el_fadwa1997/Results/BCALM/ERR12022224_cutadapt.unitigs.fa
    output: /home/el_fadwa1997/Results/REINDEER/files_path.txt
    jobid: 9
    reason: Input files updated by another job: /home/el_fadwa1997/Results/BCALM/ERR12022339_cutadapt.unitigs.fa, /home/el_fadwa1997/Results/BCALM/ERR12022224_cutadapt.unitigs.fa
    resources: tmpdir=/tmp


[Tue Mar 12 21:42:09 2024]
localrule reads_count:
    input: /home/el_fadwa1997/Results/Trimming/ERR12022339_cutadapt.fastq.gz, /home/el_fadwa1997/Results/Trimming/ERR12022224_cutadapt.fastq.gz
    output: /home/el_fadwa1997/Results/Statistics/statistics.txt
    jobid: 12
    reason: Missing output files: /home/el_fadwa1997/Results/Statistics/statistics.txt; Input files updated by another job: /home/el_fadwa1997/Results/Trimming/ERR12022224_cutadapt.fastq.gz, /home/el_fadwa1997/Results/Trimming/ERR12022339_cutadapt.fastq.gz
    resources: tmpdir=/tmp


[Tue Mar 12 21:42:09 2024]
localrule make_fastqc:
    input: /home/el_fadwa1997/Results/Fastq_Files/ERR12022224.fastq.gz
    output: /home/el_fadwa1997/Results/QC/ERR12022224/ERR12022224_fastqc.zip, /home/el_fadwa1997/Results/QC/ERR12022224/ERR12022224_fastqc.html
    log: /home/el_fadwa1997/Results/Supplementary_Data/Logs/QC/ERR12022224_fastqc.log
    jobid: 5
    benchmark: /home/el_fadwa1997/Results/Supplementary_Data/Benchmark/QC/ERR12022224_fastqc.txt
    reason: Missing output files: /home/el_fadwa1997/Results/QC/ERR12022224/ERR12022224_fastqc.zip; Input files updated by another job: /home/el_fadwa1997/Results/Fastq_Files/ERR12022224.fastq.gz
    wildcards: sra=ERR12022224
    resources: tmpdir=/tmp


[Tue Mar 12 21:42:09 2024]
localrule make_fastqc:
    input: /home/el_fadwa1997/Results/Fastq_Files/ERR12022339.fastq.gz
    output: /home/el_fadwa1997/Results/QC/ERR12022339/ERR12022339_fastqc.zip, /home/el_fadwa1997/Results/QC/ERR12022339/ERR12022339_fastqc.html
    log: /home/el_fadwa1997/Results/Supplementary_Data/Logs/QC/ERR12022339_fastqc.log
    jobid: 4
    benchmark: /home/el_fadwa1997/Results/Supplementary_Data/Benchmark/QC/ERR12022339_fastqc.txt
    reason: Missing output files: /home/el_fadwa1997/Results/QC/ERR12022339/ERR12022339_fastqc.zip; Input files updated by another job: /home/el_fadwa1997/Results/Fastq_Files/ERR12022339.fastq.gz
    wildcards: sra=ERR12022339
    resources: tmpdir=/tmp

[Tue Mar 12 21:42:09 2024]
Error in rule reads_count:
    jobid: 12
    input: /home/el_fadwa1997/Results/Trimming/ERR12022339_cutadapt.fastq.gz, /home/el_fadwa1997/Results/Trimming/ERR12022224_cutadapt.fastq.gz
    output: /home/el_fadwa1997/Results/Statistics/statistics.txt
    shell:
        ./scripts/reads_count.sh /home/el_fadwa1997/Results/Statistics/statistics.txt /home/el_fadwa1997/Results/Trimming/ERR12022339_cutadapt.fastq.gz /home/el_fadwa1997/Results/Trimming/ERR12022224_cutadapt.fastq.gz
        (one of the commands exited with non-zero exit code; note that snakemake uses bash strict mode!)

[Tue Mar 12 21:42:16 2024]
Finished job 9.
7 of 13 steps (54%) done
[Tue Mar 12 21:43:02 2024]
Finished job 5.
8 of 13 steps (62%) done
Removing temporary output /home/el_fadwa1997/Results/QC/ERR12022224/ERR12022224_fastqc.html.
[Tue Mar 12 21:43:06 2024]
Finished job 4.
9 of 13 steps (69%) done
Removing temporary output /home/el_fadwa1997/Results/QC/ERR12022339/ERR12022339_fastqc.html.
Shutting down, this might take some time.
Exiting because a job execution failed. Look above for error message
Complete log: .snakemake/log/2024-03-12T213716.364127.snakemake.log
WorkflowError:
At least one job did not complete successfully.
