Building DAG of jobs...
Using shell: /usr/bin/bash
Provided cores: 5
Rules claiming more threads will be scaled down.
Job stats:
job           count
----------  -------
all               1
files_path        1
reindeer          1
total             3

Select jobs to execute...
Execute 1 jobs...

[Tue Mar 12 12:51:34 2024]
localrule files_path:
    input: /home/el_fadwa1997/Results/BCALM/SRR866828_cutadapt.unitigs.fa, /home/el_fadwa1997/Results/BCALM/SRR866826_cutadapt.unitigs.fa
    output: /home/el_fadwa1997/Results/REINDEER/files_path.txt
    jobid: 17
    reason: Missing output files: /home/el_fadwa1997/Results/REINDEER/files_path.txt; Set of input files has changed since last execution
    resources: tmpdir=/tmp

[Tue Mar 12 12:51:35 2024]
Finished job 17.
1 of 3 steps (33%) done
Select jobs to execute...
Execute 1 jobs...

[Tue Mar 12 12:51:35 2024]
Job 16:  RUNNING REINDEER 
Reason: Missing output files: /home/el_fadwa1997/Results/REINDEER/index_reindeer/reindeer_index.gz; Input files updated by another job: /home/el_fadwa1997/Results/REINDEER/files_path.txt

[Tue Mar 12 12:51:40 2024]
Finished job 16.
2 of 3 steps (67%) done
Select jobs to execute...
Execute 1 jobs...

[Tue Mar 12 12:51:40 2024]
localrule all:
    input: /home/el_fadwa1997/Results/Fastq_Files/SRR866828_1.fastq.gz, /home/el_fadwa1997/Results/Fastq_Files/SRR866826_1.fastq.gz, /home/el_fadwa1997/Results/Fastq_Files/SRR866828_2.fastq.gz, /home/el_fadwa1997/Results/Fastq_Files/SRR866826_2.fastq.gz, /home/el_fadwa1997/Results/QC/multiqc_report.html, /home/el_fadwa1997/Results/Trimming/SRR866828/SRR866828_1_cutadapt.fastq.gz, /home/el_fadwa1997/Results/Trimming/SRR866828/SRR866828_2_cutadapt.fastq.gz, /home/el_fadwa1997/Results/Trimming/SRR866826/SRR866826_1_cutadapt.fastq.gz, /home/el_fadwa1997/Results/Trimming/SRR866826/SRR866826_2_cutadapt.fastq.gz, /home/el_fadwa1997/Results/BCALM/SRR866828_cutadapt.unitigs.fa, /home/el_fadwa1997/Results/BCALM/SRR866826_cutadapt.unitigs.fa, /home/el_fadwa1997/Results/REINDEER/index_reindeer/reindeer_index.gz
    jobid: 0
    reason: Input files updated by another job: /home/el_fadwa1997/Results/REINDEER/index_reindeer/reindeer_index.gz
    resources: tmpdir=/tmp

[Tue Mar 12 12:51:40 2024]
Finished job 0.
3 of 3 steps (100%) done
Complete log: .snakemake/log/2024-03-12T125133.645023.snakemake.log
