Building DAG of jobs...
Using shell: /usr/bin/bash
Provided cores: 4
Rules claiming more threads will be scaled down.
Job stats:
job           count
----------  -------
all               1
bcalm             4
compressed        4
files_path        1
reindeer          1
total            11

Select jobs to execute...
Execute 2 jobs...

[Wed Mar  6 18:47:32 2024]
Job 10:  RUNNING BCALM 
Reason: Code has changed since last execution


[Wed Mar  6 18:47:32 2024]
Job 9:  RUNNING BCALM 
Reason: Code has changed since last execution

[Wed Mar  6 18:55:03 2024]
Error in rule bcalm:
    jobid: 10
    input: /home/el_fadwa1997/Results/Trimming/SRR7093895_cutadapt.fastq.gz
    output: /home/el_fadwa1997/Results/BCALM/SRR7093895_cutadapt.unitigs.fa
    shell:
        set +eu && . $(conda info --base)/etc/profile.d/conda.sh ; conda activate bcalm ; bcalm -in /home/el_fadwa1997/Results/Trimming/SRR7093895_cutadapt.fastq.gz -kmer-size 31 -abundance-min 3 -out-dir /home/el_fadwa1997/Results/BCALM -nb-cores 8 -out /home/el_fadwa1997/Results/BCALM/SRR7093895_cutadapt ;
        (one of the commands exited with non-zero exit code; note that snakemake uses bash strict mode!)

Terminating processes on user request, this might take some time.
[Wed Mar  6 18:55:21 2024]
Error in rule bcalm:
    jobid: 9
    input: /home/el_fadwa1997/Results/Trimming/SRR7093894_cutadapt.fastq.gz
    output: /home/el_fadwa1997/Results/BCALM/SRR7093894_cutadapt.unitigs.fa
    shell:
        set +eu && . $(conda info --base)/etc/profile.d/conda.sh ; conda activate bcalm ; bcalm -in /home/el_fadwa1997/Results/Trimming/SRR7093894_cutadapt.fastq.gz -kmer-size 31 -abundance-min 3 -out-dir /home/el_fadwa1997/Results/BCALM -nb-cores 8 -out /home/el_fadwa1997/Results/BCALM/SRR7093894_cutadapt ;
        (one of the commands exited with non-zero exit code; note that snakemake uses bash strict mode!)

Complete log: .snakemake/log/2024-03-06T184731.711049.snakemake.log
WorkflowError:
At least one job did not complete successfully.
